[2023-09-10T19:03:29.564926+00:00] console.INFO: Server running on [http://localhost:3000] [] []
[2023-09-10T19:03:30.894169+00:00] console.INFO: [200] GET/ ..................... ~0.1298s [] []
[2023-09-10T19:03:56.257176+00:00] console.INFO: [200] GET/ ..................... ~0.0922s [] []
[2023-09-10T19:05:04.836865+00:00] console.INFO: [200] GET/ ..................... ~0.1656s [] []
[2023-09-10T19:05:54.045547+00:00] console.INFO: [200] GET/ ..................... ~0.0828s [] []
[2023-09-10T19:05:54.858209+00:00] console.INFO: [200] GET/ ..................... ~0.0798s [] []
[2023-09-10T19:05:57.212476+00:00] console.INFO: [200] GET/ ..................... ~0.0894s [] []
[2023-09-10T19:06:13.885982+00:00] console.INFO: [200] GET/ ..................... ~0.0836s [] []
[2023-09-10T19:06:14.522739+00:00] console.INFO: [200] GET/ ..................... ~0.0913s [] []
[2023-09-10T19:06:27.909487+00:00] console.INFO: [200] GET/ ..................... ~0.1356s [] []
[2023-09-10T19:06:43.189392+00:00] console.INFO: [200] GET/ ..................... ~0.1372s [] []
[2023-09-10T19:06:44.090323+00:00] console.INFO: [200] GET/ ..................... ~0.1372s [] []
[2023-09-10T19:07:05.496870+00:00] console.INFO: [200] GET/ ..................... ~0.1364s [] []
[2023-09-10T19:07:11.790689+00:00] console.INFO: [200] GET/ ..................... ~0.0839s [] []
[2023-09-10T19:07:45.138970+00:00] console.INFO: [200] GET/ ..................... ~0.0801s [] []
[2023-09-10T19:07:56.409537+00:00] console.INFO: [200] GET/ ..................... ~0.0737s [] []
[2023-09-10T19:08:02.358833+00:00] console.INFO: [200] GET/ ..................... ~0.0733s [] []
[2023-09-10T19:08:03.337762+00:00] console.INFO: [200] GET/ ..................... ~0.3679s [] []
[2023-09-10T19:08:04.863334+00:00] console.INFO: [200] GET/ ..................... ~0.0701s [] []
[2023-09-10T19:08:05.339604+00:00] console.INFO: [200] GET/ ..................... ~0.0736s [] []
[2023-09-10T19:08:07.567339+00:00] console.INFO: [200] GET/ ..................... ~0.0743s [] []
[2023-09-10T19:08:08.003037+00:00] console.INFO: [200] GET/ ..................... ~0.0707s [] []
[2023-09-10T19:08:29.574383+00:00] console.INFO: [200] GET/ ..................... ~0.0748s [] []
[2023-09-10T19:08:30.218371+00:00] console.INFO: [200] GET/ ..................... ~0.0786s [] []
[2023-09-10T19:10:38.489871+00:00] console.INFO: [200] GET/ ..................... ~0.1492s [] []
[2023-09-10T19:48:14.099466+00:00] console.INFO: [200] GET/ ..................... ~0.8700s [] []
[2023-09-10T19:48:26.084449+00:00] console.INFO: [200] GET/ ..................... ~0.1211s [] []
[2023-09-10T19:48:35.965179+00:00] console.INFO: [200] GET/ ..................... ~0.0327s [] []
[2023-09-10T19:48:36.600762+00:00] console.INFO: [200] GET/ ..................... ~0.0340s [] []
[2023-09-10T19:49:00.711143+00:00] console.INFO: [200] GET/ ..................... ~0.0279s [] []
[2023-09-10T19:49:01.384919+00:00] console.INFO: [200] GET/ ..................... ~0.0276s [] []
[2023-09-10T19:49:01.778094+00:00] console.INFO: [200] GET/ ..................... ~0.0266s [] []
[2023-09-10T19:49:06.024365+00:00] console.INFO: [200] GET/ ..................... ~0.0883s [] []
[2023-09-10T19:49:27.705188+00:00] console.INFO: [200] GET/ ..................... ~0.0907s [] []
[2023-09-10T19:49:37.303195+00:00] console.INFO: [200] GET/ ..................... ~0.0287s [] []
[2023-09-10T19:49:41.292679+00:00] console.INFO: [200] GET/ ..................... ~0.0335s [] []
[2023-09-10T19:49:42.331621+00:00] console.INFO: [200] GET/ ..................... ~0.0373s [] []
[2023-09-10T19:49:42.570521+00:00] console.INFO: [200] GET/ ..................... ~0.0302s [] []
[2023-09-10T19:49:45.011059+00:00] console.INFO: [200] GET/ ..................... ~0.0621s [] []
[2023-09-10T19:49:45.811960+00:00] console.INFO: [200] GET/ ..................... ~0.0295s [] []
[2023-09-10T19:49:46.398095+00:00] console.INFO: [200] GET/ ..................... ~0.0325s [] []
[2023-09-10T19:50:20.732153+00:00] console.INFO: [200] GET/ ..................... ~0.0772s [] []
[2023-09-10T19:51:04.912146+00:00] console.INFO: [200] GET/ ..................... ~0.0910s [] []
[2023-09-10T19:51:06.935147+00:00] console.INFO: [200] GET/ ..................... ~0.0894s [] []
[2023-09-10T19:51:08.486838+00:00] console.INFO: [200] GET/ ..................... ~0.0892s [] []
[2023-09-10T19:51:22.591664+00:00] console.INFO: [200] GET/ ..................... ~0.0292s [] []
[2023-09-10T19:51:25.232657+00:00] console.INFO: [200] GET/ ..................... ~0.0317s [] []
[2023-09-10T19:51:31.060195+00:00] console.INFO: [200] GET/ ..................... ~0.0281s [] []
[2023-09-10T19:51:31.846461+00:00] console.INFO: [200] GET/ ..................... ~0.0278s [] []
[2023-09-10T19:51:48.168869+00:00] console.INFO: [200] GET/ ..................... ~0.0280s [] []
[2023-09-10T19:51:48.777633+00:00] console.INFO: [200] GET/ ..................... ~0.0294s [] []
[2023-09-10T19:51:49.194949+00:00] console.INFO: [200] GET/ ..................... ~0.0283s [] []
[2023-09-10T19:51:59.295892+00:00] console.INFO: [200] GET/ ..................... ~0.0276s [] []
[2023-09-10T19:52:00.091987+00:00] console.INFO: [200] GET/ ..................... ~0.0303s [] []
[2023-09-10T19:52:00.551921+00:00] console.INFO: [200] GET/ ..................... ~0.0680s [] []
[2023-09-10T19:52:00.858769+00:00] console.INFO: [200] GET/ ..................... ~0.0275s [] []
[2023-09-10T19:52:01.185490+00:00] console.INFO: [200] GET/ ..................... ~0.0266s [] []
[2023-09-10T19:52:18.578418+00:00] console.INFO: [200] GET/ ..................... ~0.0281s [] []
[2023-09-10T19:52:30.727601+00:00] console.INFO: [200] GET/ ..................... ~0.0296s [] []
[2023-09-10T19:52:31.342668+00:00] console.INFO: [200] GET/ ..................... ~0.0285s [] []
[2023-09-10T19:52:33.889401+00:00] console.INFO: [200] GET/ ..................... ~0.0277s [] []
[2023-09-10T19:52:42.583460+00:00] console.INFO: [200] GET/ ..................... ~0.0292s [] []
[2023-09-10T19:52:43.525725+00:00] console.INFO: [200] GET/ ..................... ~0.0291s [] []
[2023-09-10T19:52:48.128143+00:00] console.INFO: [200] GET/ ..................... ~0.1504s [] []
[2023-09-10T19:52:48.233416+00:00] console.INFO: [200] GET/public/assets/js/app.js ..................... ~0.0389s [] []
[2023-09-10T19:52:56.628929+00:00] console.INFO: [200] GET/ ..................... ~0.1361s [] []
[2023-09-10T19:53:03.156614+00:00] console.INFO: [200] GET/ ..................... ~0.0801s [] []
[2023-09-10T19:53:03.192433+00:00] console.INFO: [200] GET/public/assets/js/app.js ..................... ~0.0003s [] []
[2023-09-10T19:53:06.018640+00:00] console.INFO: [200] GET/ ..................... ~0.0961s [] []
[2023-09-10T19:54:12.494168+00:00] console.INFO: [200] GET/ ..................... ~0.0985s [] []
[2023-09-10T19:54:13.423274+00:00] console.INFO: [200] GET/ ..................... ~0.0965s [] []
[2023-09-10T19:54:18.070969+00:00] console.INFO: [200] GET/ ..................... ~0.0724s [] []
[2023-09-10T19:54:18.756353+00:00] console.INFO: [200] GET/ ..................... ~0.0749s [] []
[2023-09-10T19:54:19.067106+00:00] console.INFO: [200] GET/ ..................... ~0.0706s [] []
[2023-09-10T19:54:38.073557+00:00] console.INFO: [200] GET/ ..................... ~0.0757s [] []
[2023-09-10T19:54:45.356606+00:00] console.INFO: [200] GET/ ..................... ~0.0792s [] []
[2023-09-10T19:54:45.934135+00:00] console.INFO: [200] GET/ ..................... ~0.0714s [] []
[2023-09-10T19:54:57.372705+00:00] console.INFO: [200] GET/ ..................... ~0.1358s [] []
[2023-09-10T19:55:05.443623+00:00] console.INFO: [200] GET/ ..................... ~0.0758s [] []
[2023-09-10T19:55:06.353728+00:00] console.INFO: [200] GET/ ..................... ~0.0730s [] []
[2023-09-10T19:55:06.708209+00:00] console.INFO: [200] GET/ ..................... ~0.0716s [] []
[2023-09-10T19:55:07.041715+00:00] console.INFO: [200] GET/ ..................... ~0.0741s [] []
[2023-09-10T19:55:07.391792+00:00] console.INFO: [200] GET/ ..................... ~0.0767s [] []
[2023-09-10T19:55:07.741410+00:00] console.INFO: [200] GET/ ..................... ~0.0778s [] []
[2023-09-10T19:55:08.086709+00:00] console.INFO: [200] GET/ ..................... ~0.0743s [] []
[2023-09-10T19:55:08.421217+00:00] console.INFO: [200] GET/ ..................... ~0.0725s [] []
[2023-09-10T19:55:08.721089+00:00] console.INFO: [200] GET/ ..................... ~0.0805s [] []
[2023-09-10T19:55:09.303156+00:00] console.INFO: [200] GET/ ..................... ~0.0752s [] []
[2023-09-10T19:55:09.639911+00:00] console.INFO: [200] GET/ ..................... ~0.0761s [] []
[2023-09-10T19:55:10.006033+00:00] console.INFO: [200] GET/ ..................... ~0.0781s [] []
[2023-09-10T19:55:10.355288+00:00] console.INFO: [200] GET/ ..................... ~0.0849s [] []
[2023-09-10T19:55:10.714986+00:00] console.INFO: [200] GET/ ..................... ~0.0706s [] []
[2023-09-10T19:55:15.562421+00:00] console.INFO: [200] GET/ ..................... ~0.0704s [] []
[2023-09-10T19:55:16.197564+00:00] console.INFO: [200] GET/ ..................... ~0.0740s [] []
[2023-09-10T19:55:18.915366+00:00] console.INFO: [200] GET/ ..................... ~0.0707s [] []
[2023-09-10T19:55:25.012264+00:00] console.INFO: [200] GET/ ..................... ~0.1368s [] []
[2023-09-10T19:55:26.110352+00:00] console.INFO: [200] GET/ ..................... ~0.1332s [] []
[2023-09-10T19:55:33.238296+00:00] console.INFO: [200] GET/ ..................... ~0.0720s [] []
[2023-09-10T19:55:34.182717+00:00] console.INFO: [200] GET/ ..................... ~0.0823s [] []
[2023-09-10T19:55:34.791303+00:00] console.INFO: [200] GET/ ..................... ~0.0744s [] []
[2023-09-10T19:55:35.050152+00:00] console.INFO: [200] GET/ ..................... ~0.0731s [] []
[2023-09-10T19:55:45.883933+00:00] console.INFO: [200] GET/ ..................... ~0.0955s [] []
[2023-09-10T19:55:46.568601+00:00] console.INFO: [200] GET/ ..................... ~0.0961s [] []
[2023-09-10T19:55:49.967371+00:00] console.INFO: [200] GET/ ..................... ~0.1452s [] []
[2023-09-10T19:55:50.913399+00:00] console.INFO: [200] GET/ ..................... ~0.0516s [] []
[2023-09-10T19:55:50.921347+00:00] console.INFO: [200] GET/public/assets/js/app.js ..................... ~0.0001s [] []
[2023-09-10T19:55:51.689898+00:00] console.INFO: [200] GET/ ..................... ~0.0297s [] []
[2023-09-10T19:55:51.717035+00:00] console.INFO: [200] GET/public/assets/js/app.js ..................... ~0.0001s [] []
[2023-09-10T19:55:52.082369+00:00] console.INFO: [200] GET/ ..................... ~0.0284s [] []
[2023-09-10T19:56:01.065907+00:00] console.INFO: [200] GET/ ..................... ~0.1486s [] []
[2023-09-10T19:56:01.698533+00:00] console.INFO: [200] GET/ ..................... ~0.0283s [] []
[2023-09-10T19:56:01.724268+00:00] console.INFO: [200] GET/public/assets/js/app.js ..................... ~9.6082s [] []
[2023-09-10T19:56:02.342874+00:00] console.INFO: [200] GET/ ..................... ~0.0290s [] []
[2023-09-10T19:56:02.781990+00:00] console.INFO: [200] GET/ ..................... ~0.0287s [] []
[2023-09-10T19:56:02.807841+00:00] console.INFO: [200] GET/public/assets/css/app.css ..................... ~0.0002s [] []
[2023-09-10T19:56:05.460060+00:00] console.INFO: [200] GET/ ..................... ~0.1447s [] []
[2023-09-10T19:56:30.976324+00:00] console.INFO: [200] GET/ ..................... ~0.0319s [] []
[2023-09-10T19:56:31.028251+00:00] console.INFO: [200] GET/public/assets/js/app.js ..................... ~0.0002s [] []
[2023-09-10T19:56:32.067383+00:00] console.INFO: [200] GET/ ..................... ~0.0317s [] []
[2023-09-10T19:56:32.093396+00:00] console.INFO: [200] GET/public/assets/css/app.css ..................... ~0.0004s [] []
[2023-09-10T19:56:32.549726+00:00] console.INFO: [200] GET/ ..................... ~0.0307s [] []
[2023-09-10T19:56:32.577504+00:00] console.INFO: [200] GET/ ..................... ~7.7962s [] []
[2023-09-10T19:56:32.884737+00:00] console.INFO: [200] GET/ ..................... ~0.0289s [] []
[2023-09-10T19:56:36.037988+00:00] console.INFO: [200] GET/ ..................... ~0.0319s [] []
[2023-09-10T19:56:36.064322+00:00] console.INFO: [200] GET/public/assets/css/app.css ..................... ~0.0002s [] []
[2023-09-10T19:56:36.066394+00:00] console.INFO: [200] GET/public/assets/js/app.js ..................... ~0.0006s [] []
[2023-09-10T19:56:36.257863+00:00] console.INFO: [200] GET/ ..................... ~0.0295s [] []
[2023-09-10T19:56:36.286063+00:00] console.INFO: [200] GET/public/assets/js/app.js ..................... ~0.0002s [] []
[2023-09-10T19:56:36.530578+00:00] console.INFO: [200] GET/public/assets/js/app.js ..................... ~0.0002s [] []
[2023-09-10T19:56:36.532022+00:00] console.INFO: [200] GET/public/assets/js/app.js ..................... ~0.0017s [] []
[2023-09-10T19:56:36.787708+00:00] console.INFO: [200] GET/ ..................... ~0.0291s [] []
[2023-09-10T19:56:40.607708+00:00] console.INFO: [200] GET/ ..................... ~0.1470s [] []
[2023-09-10T19:57:03.273912+00:00] console.INFO: [200] GET/ ..................... ~0.0792s [] []
[2023-09-10T19:57:03.299620+00:00] console.INFO: [200] GET/public/assets/css/app.css ..................... ~0.0006s [] []
[2023-09-10T19:57:03.877933+00:00] console.INFO: [200] GET/ ..................... ~0.0310s [] []
[2023-09-10T19:57:03.907045+00:00] console.INFO: [200] GET/public/assets/js/app.js ..................... ~0.0010s [] []
[2023-09-10T19:57:04.248511+00:00] console.INFO: [200] GET/ ..................... ~0.0285s [] []
[2023-09-10T19:57:04.274950+00:00] console.INFO: [200] GET/public/assets/css/app.css ..................... ~0.0001s [] []
[2023-09-10T19:57:04.574346+00:00] console.INFO: [200] GET/ ..................... ~0.0290s [] []
[2023-09-10T19:57:04.861412+00:00] console.INFO: [200] GET/ ..................... ~0.0288s [] []
[2023-09-10T19:57:04.886807+00:00] console.INFO: [200] GET/public/assets/js/app.js ..................... ~0.0005s [] []
[2023-09-10T19:57:04.888364+00:00] console.INFO: [200] GET/public/assets/js/app.js ..................... ~0.0021s [] []
[2023-09-10T19:57:19.655105+00:00] console.INFO: [200] GET/ ..................... ~0.0819s [] []
[2023-09-10T19:57:19.682663+00:00] console.INFO: [200] GET/public/assets/js/app.js ..................... ~0.0007s [] []
[2023-09-10T19:57:21.169693+00:00] console.INFO: [200] GET/ ..................... ~0.0310s [] []
[2023-09-10T19:57:21.199762+00:00] console.INFO: [200] GET/public/assets/js/app.js ..................... ~0.0002s [] []
[2023-09-10T19:57:37.517188+00:00] console.INFO: [200] GET/ ..................... ~0.0326s [] []
[2023-09-10T19:57:37.561196+00:00] console.INFO: [200] GET/public/assets/css/app.css ..................... ~0.0002s [] []
[2023-09-10T19:57:37.844348+00:00] console.INFO: [404] GET/favicon.ico ..................... ~0.0002s [] []
[2023-09-10T20:01:47.873016+00:00] console.INFO: [200] GET/ ..................... ~0.1991s [] []
[2023-09-10T20:01:48.644290+00:00] console.INFO: [404] GET/favicon.ico ..................... ~6.9141s [] []
[2023-09-10T20:01:57.839340+00:00] console.INFO: [200] GET/ ..................... ~0.0312s [] []
[2023-09-10T20:02:09.566041+00:00] console.INFO: [200] GET/ ..................... ~0.0803s [] []
[2023-09-10T20:02:09.684953+00:00] console.INFO: [404] GET/favicon.ico ..................... ~0.0001s [] []
[2023-09-10T20:02:10.439142+00:00] console.INFO: [200] GET/ ..................... ~0.0307s [] []
[2023-09-10T20:02:10.465731+00:00] console.INFO: [200] GET/public/assets/css/app.css ..................... ~0.0001s [] []
[2023-09-10T20:02:11.121403+00:00] console.INFO: [200] GET/ ..................... ~0.0807s [] []
[2023-09-10T20:02:11.147948+00:00] console.INFO: [200] GET/public/assets/css/app.css ..................... ~0.0001s [] []
[2023-09-10T20:02:11.150068+00:00] console.INFO: [200] GET/public/assets/js/app.js ..................... ~0.0005s [] []
[2023-09-10T20:02:11.210467+00:00] console.INFO: [404] GET/favicon.ico ..................... ~8.4161s [] []
[2023-09-10T20:02:11.614192+00:00] console.INFO: [200] GET/ ..................... ~0.0766s [] []
[2023-09-10T20:02:11.743727+00:00] console.INFO: [200] GET/ ..................... ~0.0889s [] []
[2023-09-10T20:02:11.823569+00:00] console.INFO: [200] GET/ ..................... ~0.0786s [] []
[2023-09-10T20:02:11.977163+00:00] console.INFO: [200] GET/ ..................... ~0.0741s [] []
[2023-09-10T20:02:12.066985+00:00] console.INFO: [200] GET/ ..................... ~0.0791s [] []
[2023-09-10T20:02:12.156604+00:00] console.INFO: [200] GET/ ..................... ~0.0818s [] []
[2023-09-10T20:02:12.182468+00:00] console.INFO: [200] GET/public/assets/css/app.css ..................... ~0.0001s [] []
[2023-09-10T20:02:12.250589+00:00] console.INFO: [404] GET/favicon.ico ..................... ~9.1075s [] []
[2023-09-10T20:02:15.691258+00:00] console.INFO: [200] GET/ ..................... ~0.0305s [] []
[2023-09-10T20:02:15.719172+00:00] console.INFO: [200] GET/public/assets/js/app.js ..................... ~0.0001s [] []
[2023-09-10T20:07:12.518960+00:00] console.INFO: [200] GET/ ..................... ~0.0316s [] []
[2023-09-10T20:07:17.130172+00:00] console.INFO: [200] GET/ ..................... ~0.0315s [] []
[2023-09-10T20:07:17.878663+00:00] console.INFO: [200] GET/ ..................... ~0.0477s [] []
[2023-09-10T20:07:17.885969+00:00] console.INFO: [200] GET/public/assets/css/app.css ..................... ~0.0001s [] []
[2023-09-10T20:07:55.536434+00:00] console.INFO: [200] GET/public/assets/css/app.css ..................... ~0.0001s [] []
[2023-09-10T20:07:56.010618+00:00] console.INFO: [200] GET/public/assets/css/app.css ..................... ~0.4742s [] []
[2023-09-10T20:08:01.148811+00:00] console.INFO: [200] GET/ ..................... ~0.1004s [] []
[2023-09-10T20:08:10.214790+00:00] console.INFO: [200] GET/public/assets/js/app.js ..................... ~0.0006s [] []
[2023-09-10T20:19:29.225801+00:00] console.INFO: [200] GET/ ..................... ~0.3150s [] []
[2023-09-10T20:19:29.422002+00:00] console.INFO: [200] GET/public/assets/js/app.js ..................... ~0.0001s [] []
[2023-09-10T20:20:19.856452+00:00] console.INFO: [200] GET/ ..................... ~0.1015s [] []
[2023-09-10T20:20:31.601431+00:00] console.INFO: [200] GET/ ..................... ~0.0906s [] []
[2023-09-10T20:21:27.781982+00:00] console.INFO: [200] GET/ ..................... ~0.1022s [] []
[2023-09-10T20:21:36.585775+00:00] console.INFO: [200] GET/ ..................... ~0.0981s [] []
[2023-09-10T20:21:53.877689+00:00] console.INFO: [200] GET/ ..................... ~0.0313s [] []
[2023-09-10T20:21:53.950550+00:00] console.INFO: [200] GET/public/assets/js/app.js ..................... ~0.0001s [] []
[2023-09-10T20:21:54.854944+00:00] console.INFO: [200] GET/ ..................... ~0.0297s [] []
[2023-09-10T20:21:54.881480+00:00] console.INFO: [200] GET/public/assets/css/app.css ..................... ~0.0001s [] []
[2023-09-10T20:21:54.889468+00:00] console.INFO: [200] GET/public/assets/js/app.js ..................... ~9.9897s [] []
[2023-09-10T20:21:55.071714+00:00] console.INFO: [200] GET/ ..................... ~0.0298s [] []
[2023-09-10T20:21:55.104571+00:00] console.INFO: [200] GET/public/assets/js/app.js ..................... ~0.0001s [] []
[2023-09-10T20:21:59.411847+00:00] console.INFO: [200] GET/ ..................... ~0.0293s [] []
[2023-09-10T20:21:59.436510+00:00] console.INFO: [200] GET/public/assets/css/app.css ..................... ~0.0001s [] []
[2023-09-10T20:22:00.191747+00:00] console.INFO: [200] GET/ ..................... ~0.0344s [] []
[2023-09-10T20:22:00.223966+00:00] console.INFO: [200] GET/public/assets/css/app.css ..................... ~0.0002s [] []
[2023-09-10T20:22:00.650755+00:00] console.INFO: [200] GET/ ..................... ~0.0301s [] []
[2023-09-10T20:22:00.681233+00:00] console.INFO: [200] GET/public/assets/js/app.js ..................... ~0.0001s [] []
[2023-09-10T20:22:21.067329+00:00] console.INFO: [200] GET/ ..................... ~0.0288s [] []
[2023-09-10T20:22:21.494359+00:00] console.INFO: [200] GET/ ..................... ~0.0288s [] []
[2023-09-10T20:22:21.519665+00:00] console.INFO: [200] GET/public/assets/js/app.js ..................... ~0.0001s [] []
[2023-09-10T20:22:21.675677+00:00] console.INFO: [200] GET/ ..................... ~0.0309s [] []
[2023-09-10T20:26:42.173046+00:00] console.INFO: [200] GET/ ..................... ~0.0327s [] []
[2023-09-10T20:26:42.910304+00:00] console.INFO: [200] GET/ ..................... ~0.0289s [] []
[2023-09-10T20:26:42.939217+00:00] console.INFO: [200] GET/public/assets/js/app.js ..................... ~0.0002s [] []
[2023-09-10T20:26:42.951172+00:00] console.INFO: [200] GET/public/assets/js/app.js ..................... ~0.0121s [] []
[2023-09-10T20:26:43.313225+00:00] console.INFO: [200] GET/ ..................... ~0.0287s [] []
[2023-09-10T20:26:43.338384+00:00] console.INFO: [200] GET/public/assets/js/app.js ..................... ~0.0001s [] []
[2023-09-10T20:26:43.728817+00:00] console.INFO: [200] GET/ ..................... ~0.0291s [] []
[2023-09-10T20:26:43.753165+00:00] console.INFO: [200] GET/public/assets/js/app.js ..................... ~0.0003s [] []
[2023-09-10T20:26:54.877225+00:00] console.INFO: Server running on [http://localhost:3000] [] []
[2023-09-10T20:26:55.037872+00:00] console.INFO: [200] GET/ ..................... ~0.0410s [] []
[2023-09-10T20:26:55.059993+00:00] console.INFO: [200] GET/public/assets/css/app.css ..................... ~9.2029s [] []
[2023-09-10T20:26:55.146391+00:00] console.INFO: [200] GET/public/assets/js/app.js ..................... ~8.1062s [] []
[2023-09-10T20:27:30.600840+00:00] console.INFO: [200] GET/ ..................... ~0.0333s [] []
[2023-09-10T20:27:36.953035+00:00] console.INFO: [200] GET/ ..................... ~0.0864s [] []
[2023-09-10T20:27:37.429483+00:00] console.INFO: [404] GET/favicon.ico ..................... ~0.0001s [] []
[2023-09-10T20:28:42.027844+00:00] console.INFO: [200] GET/ ..................... ~0.0321s [] []
[2023-09-10T20:28:57.660343+00:00] console.INFO: [200] GET/ ..................... ~0.0292s [] []
[2023-09-10T20:28:58.378365+00:00] console.INFO: [200] GET/ ..................... ~0.0287s [] []
[2023-09-10T20:28:58.830211+00:00] console.INFO: [200] GET/ ..................... ~0.0290s [] []
[2023-09-10T20:29:18.033373+00:00] console.INFO: [200] GET/ ..................... ~0.0286s [] []
[2023-09-10T20:29:31.948981+00:00] console.INFO: [200] GET/ ..................... ~0.0298s [] []
[2023-09-10T20:30:11.870043+00:00] console.INFO: [200] GET/ ..................... ~0.0324s [] []
[2023-09-10T20:47:48.204116+00:00] console.INFO: [200] GET/ ..................... ~1.0632s [] []
[2023-09-10T20:47:49.015613+00:00] console.INFO: [200] GET/ ..................... ~0.0300s [] []
[2023-09-10T20:47:49.484773+00:00] console.INFO: [200] GET/ ..................... ~0.0285s [] []
[2023-09-10T20:47:49.889351+00:00] console.INFO: [200] GET/ ..................... ~0.0289s [] []
[2023-09-10T20:48:48.138943+00:00] console.INFO: [200] GET/ ..................... ~0.0939s [] []
[2023-09-10T20:49:01.134386+00:00] console.INFO: [200] GET/ ..................... ~0.0316s [] []
[2023-09-10T20:49:01.809532+00:00] console.INFO: [200] GET/ ..................... ~0.0284s [] []
[2023-09-10T20:49:06.451069+00:00] console.INFO: [200] GET/ ..................... ~0.0309s [] []
[2023-09-10T20:49:07.018248+00:00] console.INFO: [200] GET/ ..................... ~0.0292s [] []
[2023-09-10T20:49:09.674477+00:00] console.INFO: [200] GET/ ..................... ~0.0313s [] []
[2023-09-10T20:49:10.237309+00:00] console.INFO: [200] GET/ ..................... ~0.0299s [] []
[2023-09-10T20:49:19.237507+00:00] console.INFO: [200] GET/ ..................... ~0.0304s [] []
[2023-09-10T20:49:21.736219+00:00] console.INFO: [302] POST/ ..................... ~0.4915s [] []
[2023-09-10T20:49:21.858782+00:00] console.INFO: [200] GET/ ..................... ~0.1211s [] []
[2023-09-10T20:49:29.209038+00:00] console.INFO: [200] GET/ ..................... ~0.0912s [] []
[2023-09-10T20:49:29.918751+00:00] console.INFO: [200] GET/ ..................... ~0.0913s [] []
[2023-09-10T20:49:31.360784+00:00] console.INFO: [200] GET/ ..................... ~0.0932s [] []
[2023-09-10T20:49:32.874818+00:00] console.INFO: [200] GET/ ..................... ~0.0971s [] []
[2023-09-10T20:50:01.671582+00:00] console.INFO: [200] GET/ ..................... ~0.0752s [] []
[2023-09-10T20:50:02.356269+00:00] console.INFO: [200] GET/ ..................... ~0.0296s [] []
[2023-09-10T20:50:41.583592+00:00] console.INFO: [200] GET/ ..................... ~0.0301s [] []
[2023-09-10T20:50:42.359287+00:00] console.INFO: [200] GET/ ..................... ~0.0297s [] []
[2023-09-10T20:50:42.743151+00:00] console.INFO: [200] GET/ ..................... ~0.0301s [] []
[2023-09-10T20:50:44.793979+00:00] console.INFO: [200] GET/ ..................... ~0.0309s [] []
[2023-09-10T20:50:56.198106+00:00] console.INFO: [200] GET/ ..................... ~0.0320s [] []
[2023-09-10T20:50:59.286093+00:00] console.INFO: [302] POST/ ..................... ~0.0906s [] []
[2023-09-10T20:50:59.317266+00:00] console.INFO: [200] GET/ ..................... ~0.0299s [] []
[2023-09-10T20:51:03.758263+00:00] console.INFO: [302] POST/ ..................... ~0.0960s [] []
[2023-09-10T20:51:03.789759+00:00] console.INFO: [200] GET/ ..................... ~0.0304s [] []
[2023-09-10T20:51:05.578279+00:00] console.INFO: [200] GET/ ..................... ~0.0287s [] []
[2023-09-10T20:51:11.095925+00:00] console.INFO: [200] GET/ ..................... ~0.0313s [] []
[2023-09-10T20:51:17.261705+00:00] console.INFO: [200] GET/ ..................... ~0.0308s [] []
[2023-09-10T20:51:23.492454+00:00] console.INFO: [302] POST/ ..................... ~0.0869s [] []
[2023-09-10T20:51:23.523637+00:00] console.INFO: [200] GET/ ..................... ~0.0301s [] []
[2023-09-10T20:51:30.676804+00:00] console.INFO: [200] GET/ ..................... ~0.0871s [] []
[2023-09-10T20:51:41.509018+00:00] console.INFO: [302] POST/ ..................... ~0.0815s [] []
[2023-09-10T20:51:41.542783+00:00] console.INFO: [200] GET/ ..................... ~0.0292s [] []
[2023-09-10T20:51:43.417013+00:00] console.INFO: [302] POST/ ..................... ~0.0724s [] []
[2023-09-10T20:51:43.449715+00:00] console.INFO: [200] GET/ ..................... ~0.0295s [] []
[2023-09-10T20:51:44.884548+00:00] console.INFO: [302] POST/ ..................... ~0.0735s [] []
[2023-09-10T20:51:44.919452+00:00] console.INFO: [200] GET/ ..................... ~0.0294s [] []
[2023-09-10T20:51:48.666993+00:00] console.INFO: [302] POST/ ..................... ~0.0879s [] []
[2023-09-10T20:51:48.698679+00:00] console.INFO: [200] GET/ ..................... ~0.0306s [] []
[2023-09-10T20:56:51.185752+00:00] console.INFO: [200] GET/ ..................... ~0.0343s [] []
[2023-09-10T20:56:53.321997+00:00] console.INFO: [200] GET/ ..................... ~0.0309s [] []
[2023-09-10T20:56:54.553909+00:00] console.INFO: [200] GET/ ..................... ~0.0312s [] []
[2023-09-10T20:56:55.106975+00:00] console.INFO: [200] GET/ ..................... ~0.0304s [] []
[2023-09-10T20:56:55.395690+00:00] console.INFO: [200] GET/ ..................... ~0.0291s [] []
[2023-09-10T20:57:08.104604+00:00] console.INFO: Server running on [http://localhost:3000] [] []
[2023-09-10T20:57:08.297629+00:00] console.INFO: [200] GET/ ..................... ~0.0436s [] []
[2023-09-10T20:57:12.341195+00:00] console.INFO: [302] POST/ ..................... ~0.0992s [] []
[2023-09-10T20:57:12.373225+00:00] console.INFO: [200] GET/ ..................... ~0.0305s [] []
[2023-09-10T20:57:15.245968+00:00] console.INFO: [200] GET/ ..................... ~0.0313s [] []
[2023-09-10T20:57:15.759151+00:00] console.INFO: [200] GET/ ..................... ~0.0289s [] []
[2023-09-10T20:57:28.146295+00:00] console.INFO: [200] GET/ ..................... ~0.0304s [] []
[2023-09-10T20:57:32.308817+00:00] console.INFO: [200] GET/ ..................... ~0.0294s [] []
