[2023-09-08T13:07:05.040378+00:00] console.INFO: Server running on [http://localhost:3000] [] []
[2023-09-08T13:07:05.255272+00:00] console.INFO: [200] GET/ ..................... ~0.1067s [] []
[2023-09-08T13:16:06.125826+00:00] console.INFO: [200] GET/ ..................... ~0.3552s [] []
[2023-09-08T13:16:09.664707+00:00] console.INFO: [200] POST/ ..................... ~0.0023s [] []
[2023-09-08T13:16:09.695820+00:00] console.INFO: [200] GET/public/assets/css/app.css ..................... ~0.0001s [] []
[2023-09-08T13:16:12.241058+00:00] console.INFO: [200] GET/ ..................... ~0.0026s [] []
[2023-09-08T13:16:12.267258+00:00] console.INFO: [200] GET/public/assets/css/app.css ..................... ~9.4890s [] []
[2023-09-08T13:17:25.455980+00:00] console.INFO: [200] GET/ ..................... ~0.0025s [] []
[2023-09-08T13:17:25.876783+00:00] console.INFO: [200] GET/ ..................... ~0.0013s [] []
[2023-09-08T13:17:25.903351+00:00] console.INFO: [200] GET/public/assets/css/app.css ..................... ~0.0001s [] []
[2023-09-08T13:17:27.262273+00:00] console.INFO: [200] GET/ ..................... ~0.0013s [] []
[2023-09-08T13:17:27.615078+00:00] console.INFO: [200] GET/ ..................... ~0.0013s [] []
[2023-09-08T13:17:28.445434+00:00] console.INFO: [200] GET/ ..................... ~0.0023s [] []
[2023-09-08T14:25:10.258350+00:00] console.INFO: Server running on [http://localhost:3000] [] []
[2023-09-08T14:25:38.584949+00:00] console.INFO: Server running on [http://localhost:3000] [] []
[2023-09-08T14:25:38.791006+00:00] console.INFO: [200] GET/ ..................... ~0.0782s [] []
[2023-09-08T14:25:38.827325+00:00] console.INFO: [200] GET/public/assets/css/app.css ..................... ~0.0003s [] []
[2023-09-08T15:29:03.395986+00:00] console.INFO: Server running on [http://localhost:3000] [] []
[2023-09-08T15:29:04.302233+00:00] console.INFO: [200] GET/ ..................... ~0.4846s [] []
[2023-09-08T15:29:04.849839+00:00] console.INFO: [404] GET/favicon.ico ..................... ~0.0001s [] []
[2023-09-08T15:29:32.433557+00:00] console.INFO: [200] GET/ ..................... ~0.0365s [] []
[2023-09-08T15:29:33.151462+00:00] console.INFO: [200] GET/ ..................... ~0.0334s [] []
[2023-09-08T15:30:03.346249+00:00] console.INFO: [200] GET/ ..................... ~0.0338s [] []
[2023-09-08T15:30:04.008024+00:00] console.INFO: [200] GET/ ..................... ~0.0327s [] []
[2023-09-08T15:30:04.366748+00:00] console.INFO: [200] GET/ ..................... ~0.0334s [] []
[2023-09-08T15:31:45.359652+00:00] console.INFO: [200] GET/ ..................... ~0.0040s [] []
[2023-09-08T15:31:45.973420+00:00] console.INFO: [200] GET/ ..................... ~0.0016s [] []
[2023-09-08T15:31:45.995915+00:00] console.INFO: [200] GET/public/assets/css/app.css ..................... ~0.0001s [] []
[2023-09-08T15:31:46.324132+00:00] console.INFO: [200] GET/public/assets/css/app.css ..................... ~0.0002s [] []
[2023-09-08T15:31:46.628797+00:00] console.INFO: [200] GET/ ..................... ~0.0015s [] []
[2023-09-08T15:32:02.647744+00:00] console.INFO: [200] GET/ ..................... ~0.0014s [] []
[2023-09-08T15:32:03.370163+00:00] console.INFO: [200] GET/ ..................... ~0.0014s [] []
[2023-09-08T15:32:03.392225+00:00] console.INFO: [200] GET/public/assets/css/app.css ..................... ~0.0001s [] []
[2023-09-08T15:41:06.541299+00:00] console.INFO: [200] GET/ ..................... ~0.0211s [] []
[2023-09-08T15:41:07.453219+00:00] console.INFO: [200] GET/ ..................... ~0.0018s [] []
[2023-09-08T16:03:22.459001+00:00] console.INFO: Server running on [http://localhost:3000] [] []
