[2023-10-11T13:42:22.364128+00:00] console.INFO: Server running on [http://localhost:3000] [] []
[2023-10-11T13:42:22.563192+00:00] console.INFO: [200] GET/ ..................... ~0.0937s [] []
[2023-10-11T13:42:22.578979+00:00] console.INFO: [200] GET/ ..................... ~0.0008s [] []
[2023-10-11T13:42:22.696174+00:00] console.INFO: [404] GET/favicon.ico ..................... ~0.0002s [] []
[2023-10-11T13:42:23.652208+00:00] console.INFO: [200] GET/ ..................... ~0.0023s [] []
[2023-10-11T13:42:23.663947+00:00] console.INFO: [200] GET/public/assets/css/style.css ..................... ~0.0001s [] []
[2023-10-11T13:42:24.000543+00:00] console.INFO: [200] GET/ ..................... ~0.0022s [] []
[2023-10-11T13:42:24.268776+00:00] console.INFO: [200] GET/ ..................... ~0.0021s [] []
[2023-10-11T13:42:26.632504+00:00] console.INFO: [200] GET/admin ..................... ~0.0076s [] []
[2023-10-11T13:42:26.698393+00:00] console.INFO: [200] GET/public/assets/css/fonts/icomoon.ttf?evlvjx ..................... ~0.0018s [] []
[2023-10-11T14:12:55.749619+00:00] console.INFO: [200] GET/admin ..................... ~0.0671s [] []
[2023-10-11T14:12:55.765160+00:00] console.INFO: [200] GET/admin ..................... ~0.0013s [] []
[2023-10-11T14:12:55.895290+00:00] console.INFO: [200] GET/public/assets/css/fonts/icomoon.ttf?evlvjx ..................... ~0.0034s [] []
[2023-10-11T14:12:57.871901+00:00] console.INFO: [200] GET/admin ..................... ~0.0025s [] []
[2023-10-11T14:12:57.885119+00:00] console.INFO: [200] GET/public/assets/css/style.css ..................... ~0.0002s [] []
[2023-10-11T14:12:57.921030+00:00] console.INFO: [200] GET/public/assets/css/fonts/icomoon.ttf?evlvjx ..................... ~0.0016s [] []
[2023-10-11T14:12:58.704781+00:00] console.INFO: [200] GET/admin ..................... ~0.0032s [] []
[2023-10-11T14:12:58.718087+00:00] console.INFO: [200] GET/public/assets/css/style.css ..................... ~0.0002s [] []
[2023-10-11T14:12:58.764894+00:00] console.INFO: [200] GET/public/assets/css/style.css ..................... ~0.0018s [] []
[2023-10-11T14:12:59.237390+00:00] console.INFO: [200] GET/admin ..................... ~0.0028s [] []
[2023-10-11T14:12:59.251232+00:00] console.INFO: [200] GET/public/assets/css/style.css ..................... ~0.0003s [] []
[2023-10-11T14:12:59.252895+00:00] console.INFO: [200] GET/public/assets/js/admin/app.js ..................... ~0.0001s [] []
[2023-10-11T14:12:59.295239+00:00] console.INFO: [200] GET/public/assets/css/fonts/icomoon.ttf?evlvjx ..................... ~0.0020s [] []
[2023-10-11T14:13:00.253741+00:00] console.INFO: [404] GET/logistics/shipments/FC6723757651DB74 ..................... ~0.0015s [] []
[2023-10-11T14:13:02.405287+00:00] console.INFO: [200] GET/admin ..................... ~0.0023s [] []
[2023-10-11T14:13:02.417438+00:00] console.INFO: [200] GET/public/assets/css/style.css ..................... ~0.0002s [] []
[2023-10-11T14:13:02.457888+00:00] console.INFO: [200] GET/public/assets/css/fonts/icomoon.ttf?evlvjx ..................... ~0.0016s [] []
[2023-10-11T14:13:05.660211+00:00] console.INFO: [200] GET/admin/auth/login ..................... ~0.0059s [] []
[2023-10-11T14:13:05.674201+00:00] console.INFO: [200] GET/public/assets/css/style.css ..................... ~0.0002s [] []
[2023-10-11T14:13:05.677466+00:00] console.INFO: [200] GET/public/assets/css/style.css ..................... ~0.0016s [] []
[2023-10-11T14:13:05.711870+00:00] console.INFO: [200] GET/public/assets/css/fonts/icomoon.ttf?evlvjx ..................... ~0.0025s [] []
[2023-10-11T14:40:36.822046+00:00] console.INFO: [200] GET/admin/auth/login ..................... ~0.0041s [] []
[2023-10-11T14:40:36.839957+00:00] console.INFO: [200] GET/admin/auth/login ..................... ~4.7922s [] []
[2023-10-11T14:40:36.845428+00:00] console.INFO: [200] GET/admin/auth/login ..................... ~0.0011s [] []
[2023-10-11T14:40:36.920578+00:00] console.INFO: [200] GET/admin/auth/login ..................... ~0.0040s [] []
[2023-10-11T14:40:39.854799+00:00] console.INFO: [200] GET/admin/ ..................... ~0.0049s [] []
[2023-10-11T14:40:39.870864+00:00] console.INFO: [200] GET/public/assets/js/admin/app.js ..................... ~0.0003s [] []
[2023-10-11T14:40:39.918426+00:00] console.INFO: [200] GET/public/assets/js/admin/app.js ..................... ~0.0021s [] []
[2023-10-11T14:41:02.668329+00:00] console.INFO: [200] GET/admin/ ..................... ~0.0088s [] []
[2023-10-11T14:41:02.691817+00:00] console.INFO: [200] GET/admin/ ..................... ~1.1920s [] []
[2023-10-11T14:41:02.738647+00:00] console.INFO: [200] GET/public/assets/css/fonts/icomoon.ttf?evlvjx ..................... ~0.0030s [] []
[2023-10-11T14:41:14.867620+00:00] console.INFO: [200] GET/admin/ ..................... ~0.0035s [] []
[2023-10-11T14:41:14.880625+00:00] console.INFO: [200] GET/public/assets/css/style.css ..................... ~0.0003s [] []
[2023-10-11T14:41:14.927234+00:00] console.INFO: [200] GET/public/assets/css/fonts/icomoon.ttf?evlvjx ..................... ~0.0009s [] []
[2023-10-11T14:47:14.812538+00:00] console.INFO: [200] GET/admin/auth/login ..................... ~0.0040s [] []
[2023-10-11T14:47:14.843252+00:00] console.INFO: [200] GET/admin/auth/login ..................... ~0.0020s [] []
[2023-10-11T14:47:15.283053+00:00] console.INFO: [200] GET/public/assets/css/fonts/icomoon.ttf?evlvjx ..................... ~0.0047s [] []
[2023-10-11T14:47:34.205739+00:00] console.INFO: [200] GET/admin ..................... ~0.0086s [] []
[2023-10-11T14:47:34.222884+00:00] console.INFO: [200] GET/public/assets/css/style.css ..................... ~8.8930s [] []
[2023-10-11T14:47:34.274633+00:00] console.INFO: [200] GET/public/assets/css/style.css ..................... ~0.0034s [] []
[2023-10-11T14:47:34.597559+00:00] console.INFO: [200] GET/admin/auth/login ..................... ~0.0024s [] []
[2023-10-11T14:47:35.786687+00:00] console.INFO: [200] GET/admin/ ..................... ~0.0026s [] []
[2023-10-11T14:55:36.742779+00:00] console.INFO: [200] GET/ ..................... ~0.0038s [] []
[2023-10-11T14:55:36.766836+00:00] console.INFO: [200] GET/public/assets/css/style.css ..................... ~0.0002s [] []
[2023-10-11T14:59:24.412137+00:00] console.INFO: [200] GET/admin/auth/login ..................... ~0.0045s [] []
[2023-10-11T14:59:24.426393+00:00] console.INFO: [200] GET/public/assets/css/style.css ..................... ~0.0002s [] []
[2023-10-11T14:59:24.434181+00:00] console.INFO: [200] GET/public/assets/css/style.css ..................... ~0.0014s [] []
[2023-10-11T14:59:24.860038+00:00] console.INFO: [200] GET/public/assets/css/fonts/icomoon.ttf?evlvjx ..................... ~0.0011s [] []
[2023-10-11T15:00:13.148635+00:00] console.INFO: [200] GET/admin/auth/login ..................... ~0.0027s [] []
[2023-10-11T15:00:13.168948+00:00] console.INFO: [200] GET/admin/auth/login ..................... ~0.0009s [] []
[2023-10-11T15:00:13.214268+00:00] console.INFO: [200] GET/admin/auth/login ..................... ~0.0022s [] []
[2023-10-11T15:00:15.642767+00:00] console.INFO: [302] POST/admin/auth/login ..................... ~0.0086s [] []
[2023-10-11T15:00:15.647982+00:00] console.INFO: [200] GET/admin ..................... ~0.0030s [] []
[2023-10-11T15:00:15.662861+00:00] console.INFO: [200] GET/public/assets/css/style.css ..................... ~0.0002s [] []
[2023-10-11T15:00:15.702283+00:00] console.INFO: [200] GET/public/assets/css/fonts/icomoon.ttf?evlvjx ..................... ~0.0021s [] []
[2023-10-11T15:00:21.813377+00:00] console.INFO: [200] GET/public/assets/css/style.css ..................... ~0.0002s [] []
[2023-10-11T15:00:21.850328+00:00] console.INFO: [200] GET/public/assets/css/fonts/icomoon.ttf?evlvjx ..................... ~0.0017s [] []
[2023-10-11T15:00:22.584835+00:00] console.INFO: [200] GET/admin/auth/login ..................... ~0.0022s [] []
[2023-10-11T15:00:24.072456+00:00] console.INFO: [302] POST/admin/auth/login ..................... ~0.0028s [] []
[2023-10-11T15:00:24.077786+00:00] console.INFO: [200] GET/admin ..................... ~0.0021s [] []
[2023-10-11T15:00:24.091636+00:00] console.INFO: [200] GET/public/assets/css/style.css ..................... ~0.0003s [] []
[2023-10-11T15:00:24.138837+00:00] console.INFO: [200] GET/public/assets/css/fonts/icomoon.ttf?evlvjx ..................... ~0.0017s [] []
[2023-10-11T15:00:34.287895+00:00] console.INFO: [200] GET/admin ..................... ~0.0035s [] []
[2023-10-11T15:00:34.300115+00:00] console.INFO: [200] GET/admin ..................... ~0.0002s [] []
[2023-10-11T15:00:34.349383+00:00] console.INFO: [200] GET/admin ..................... ~0.0037s [] []
[2023-10-11T15:00:36.275745+00:00] console.INFO: [302] POST/admin/auth/login ..................... ~0.0024s [] []
[2023-10-11T15:00:36.281235+00:00] console.INFO: [200] GET/admin ..................... ~0.0023s [] []
[2023-10-11T15:00:36.295533+00:00] console.INFO: [200] GET/public/assets/css/style.css ..................... ~0.0003s [] []
[2023-10-11T15:00:36.335901+00:00] console.INFO: [200] GET/public/assets/css/fonts/icomoon.ttf?evlvjx ..................... ~0.0016s [] []
[2023-10-11T15:00:50.366423+00:00] console.INFO: [200] GET/public/assets/css/style.css ..................... ~0.0003s [] []
[2023-10-11T15:00:50.405420+00:00] console.INFO: [200] GET/public/assets/css/fonts/icomoon.ttf?evlvjx ..................... ~0.0020s [] []
[2023-10-11T15:00:51.243365+00:00] console.INFO: [200] GET/admin/auth/login ..................... ~0.0025s [] []
[2023-10-11T15:00:52.529196+00:00] console.INFO: [302] POST/admin/auth/login ..................... ~0.0020s [] []
[2023-10-11T15:00:52.533974+00:00] console.INFO: [200] GET/admin ..................... ~0.0021s [] []
[2023-10-11T15:00:52.548125+00:00] console.INFO: [200] GET/admin ..................... ~0.0004s [] []
[2023-10-11T15:00:52.583295+00:00] console.INFO: [200] GET/public/assets/css/fonts/icomoon.ttf?evlvjx ..................... ~0.0011s [] []
[2023-10-11T15:01:46.501401+00:00] console.INFO: [200] GET/admin ..................... ~0.0038s [] []
[2023-10-11T15:01:46.521164+00:00] console.INFO: [200] GET/admin ..................... ~0.0001s [] []
[2023-10-11T15:01:46.572366+00:00] console.INFO: [200] GET/public/assets/js/admin/app.js ..................... ~8.7976s [] []
[2023-10-11T15:01:48.649393+00:00] console.INFO: [200] GET/admin ..................... ~0.0018s [] []
[2023-10-11T15:01:48.663470+00:00] console.INFO: [200] GET/admin ..................... ~0.0002s [] []
[2023-10-11T15:01:48.699988+00:00] console.INFO: [200] GET/public/assets/css/fonts/icomoon.ttf?evlvjx ..................... ~0.0009s [] []
[2023-10-11T15:02:50.432950+00:00] console.INFO: [200] GET/admin ..................... ~0.0036s [] []
[2023-10-11T15:02:50.448266+00:00] console.INFO: [200] GET/public/assets/css/style.css ..................... ~0.0002s [] []
[2023-10-11T15:02:50.452513+00:00] console.INFO: [200] GET/public/assets/js/admin/app.js ..................... ~0.0001s [] []
[2023-10-11T15:02:50.483982+00:00] console.INFO: [200] GET/public/assets/js/admin/app.js ..................... ~0.0019s [] []
[2023-10-11T15:02:50.990917+00:00] console.INFO: [200] GET/admin/auth/login ..................... ~0.0023s [] []
[2023-10-11T15:02:52.494900+00:00] console.INFO: [302] POST/admin/auth/login ..................... ~0.0025s [] []
[2023-10-11T15:02:52.500250+00:00] console.INFO: [200] GET/admin ..................... ~0.0021s [] []
[2023-10-11T15:02:52.513333+00:00] console.INFO: [200] GET/admin ..................... ~0.0004s [] []
[2023-10-11T15:02:52.552560+00:00] console.INFO: [200] GET/public/assets/css/fonts/icomoon.ttf?evlvjx ..................... ~0.0015s [] []
[2023-10-11T15:03:08.196026+00:00] console.INFO: [200] GET/admin ..................... ~0.0035s [] []
[2023-10-11T15:03:08.212164+00:00] console.INFO: [200] GET/public/assets/css/style.css ..................... ~0.0002s [] []
[2023-10-11T15:03:08.260033+00:00] console.INFO: [200] GET/public/assets/js/admin/app.js ..................... ~0.0027s [] []
[2023-10-11T15:03:08.744863+00:00] console.INFO: [200] GET/admin/auth/login ..................... ~0.0023s [] []
[2023-10-11T15:03:10.149262+00:00] console.INFO: [302] POST/admin/auth/login ..................... ~0.0020s [] []
[2023-10-11T15:03:10.154323+00:00] console.INFO: [200] GET/admin ..................... ~0.0025s [] []
[2023-10-11T15:03:10.167406+00:00] console.INFO: [200] GET/public/assets/css/style.css ..................... ~0.0002s [] []
[2023-10-11T15:03:10.206906+00:00] console.INFO: [200] GET/public/assets/css/fonts/icomoon.ttf?evlvjx ..................... ~0.0019s [] []
[2023-10-11T15:15:48.374314+00:00] console.INFO: [200] GET/admin ..................... ~0.0048s [] []
[2023-10-11T15:15:48.390340+00:00] console.INFO: [200] GET/public/assets/css/style.css ..................... ~0.0002s [] []
[2023-10-11T15:15:48.393484+00:00] console.INFO: [200] GET/public/assets/js/admin/app.js ..................... ~0.0001s [] []
[2023-10-11T15:15:48.430821+00:00] console.INFO: [200] GET/public/assets/js/admin/app.js ..................... ~0.0024s [] []
[2023-10-11T15:15:49.634418+00:00] console.INFO: [200] GET/admin/auth/login ..................... ~0.0022s [] []
[2023-10-11T15:15:50.970546+00:00] console.INFO: [200] GET/admin ..................... ~0.0023s [] []
[2023-10-11T15:15:53.472440+00:00] console.INFO: [302] POST/admin/auth/login ..................... ~0.0020s [] []
[2023-10-11T15:15:53.490535+00:00] console.INFO: [200] GET/public/assets/css/style.css ..................... ~0.0005s [] []
[2023-10-11T15:15:53.527216+00:00] console.INFO: [200] GET/public/assets/css/fonts/icomoon.ttf?evlvjx ..................... ~0.0023s [] []
[2023-10-11T15:16:32.718506+00:00] console.INFO: [200] GET/admin ..................... ~0.0030s [] []
[2023-10-11T15:16:32.737767+00:00] console.INFO: [200] GET/admin ..................... ~3.1948s [] []
[2023-10-11T15:16:32.790961+00:00] console.INFO: [200] GET/admin ..................... ~0.0044s [] []
[2023-10-11T15:16:35.194436+00:00] console.INFO: [200] GET/admin ..................... ~0.0030s [] []
[2023-10-11T15:16:35.209662+00:00] console.INFO: [200] GET/public/assets/css/style.css ..................... ~0.0002s [] []
[2023-10-11T15:16:35.241030+00:00] console.INFO: [200] GET/public/assets/css/fonts/icomoon.ttf?evlvjx ..................... ~0.0031s [] []
[2023-10-11T15:16:35.516932+00:00] console.INFO: [200] GET/admin/auth/login ..................... ~0.0024s [] []
[2023-10-11T15:16:37.368816+00:00] console.INFO: [302] POST/admin/auth/login ..................... ~0.0023s [] []
[2023-10-11T15:16:37.373825+00:00] console.INFO: [200] GET/admin ..................... ~0.0020s [] []
[2023-10-11T15:16:37.390625+00:00] console.INFO: [200] GET/public/assets/css/style.css ..................... ~0.0004s [] []
[2023-10-11T15:16:37.394626+00:00] console.INFO: [200] GET/public/assets/js/admin/app.js ..................... ~0.0001s [] []
[2023-10-11T15:16:37.423489+00:00] console.INFO: [200] GET/public/assets/js/admin/app.js ..................... ~0.0020s [] []
[2023-10-11T15:16:53.723885+00:00] console.INFO: [302] POST/admin/auth/login ..................... ~0.0027s [] []
[2023-10-11T15:16:53.728524+00:00] console.INFO: [200] GET/admin ..................... ~0.0020s [] []
[2023-10-11T15:16:53.741400+00:00] console.INFO: [200] GET/public/assets/css/style.css ..................... ~0.0001s [] []
[2023-10-11T15:16:53.742870+00:00] console.INFO: [200] GET/public/assets/js/admin/app.js ..................... ~0.0001s [] []
[2023-10-11T15:16:53.777783+00:00] console.INFO: [200] GET/public/assets/css/fonts/icomoon.ttf?evlvjx ..................... ~0.0024s [] []
[2023-10-11T15:16:57.588818+00:00] console.INFO: [200] GET/admin ..................... ~0.0037s [] []
[2023-10-11T15:17:00.751042+00:00] console.INFO: [200] GET/public/assets/js/admin/app.js ..................... ~0.0004s [] []
[2023-10-11T15:17:00.976718+00:00] console.INFO: [200] GET/public/assets/js/admin/app.js ..................... ~0.0004s [] []
[2023-10-11T15:17:01.179101+00:00] console.INFO: [200] GET/public/assets/js/admin/app.js ..................... ~0.0003s [] []
[2023-10-11T15:17:01.618036+00:00] console.INFO: [200] GET/public/assets/js/admin/app.js ..................... ~0.0003s [] []
[2023-10-11T15:17:01.808813+00:00] console.INFO: [200] GET/public/assets/js/admin/app.js ..................... ~0.0003s [] []
[2023-10-11T15:17:02.000012+00:00] console.INFO: [200] GET/public/assets/js/admin/app.js ..................... ~0.0004s [] []
[2023-10-11T15:17:02.180134+00:00] console.INFO: [200] GET/public/assets/js/admin/app.js ..................... ~0.0004s [] []
[2023-10-11T15:17:02.384061+00:00] console.INFO: [200] GET/public/assets/js/admin/app.js ..................... ~0.0003s [] []
[2023-10-11T15:17:02.563623+00:00] console.INFO: [200] GET/public/assets/js/admin/app.js ..................... ~0.0004s [] []
[2023-10-11T15:17:02.754018+00:00] console.INFO: [200] GET/public/assets/js/admin/app.js ..................... ~0.0004s [] []
[2023-10-11T15:17:02.957664+00:00] console.INFO: [200] GET/public/assets/js/admin/app.js ..................... ~0.0004s [] []
[2023-10-11T15:17:03.170037+00:00] console.INFO: [200] GET/public/assets/js/admin/app.js ..................... ~0.0003s [] []
[2023-10-11T15:17:17.291815+00:00] console.INFO: [200] GET/public/assets/css/style.css ..................... ~0.0002s [] []
[2023-10-11T15:17:17.293011+00:00] console.INFO: [200] GET/public/assets/css/style.css ..................... ~7.3909s [] []
[2023-10-11T15:17:17.328658+00:00] console.INFO: [200] GET/public/assets/css/fonts/icomoon.ttf?evlvjx ..................... ~0.0011s [] []
[2023-10-11T15:17:18.044000+00:00] console.INFO: [200] GET/admin/auth/login ..................... ~0.0021s [] []
[2023-10-11T15:17:19.447741+00:00] console.INFO: [302] POST/admin/auth/login ..................... ~0.0020s [] []
[2023-10-11T15:17:19.452534+00:00] console.INFO: [200] GET/admin ..................... ~0.0020s [] []
[2023-10-11T15:17:19.468308+00:00] console.INFO: [200] GET/public/assets/css/style.css ..................... ~0.0003s [] []
[2023-10-11T15:17:19.503753+00:00] console.INFO: [200] GET/public/assets/css/fonts/icomoon.ttf?evlvjx ..................... ~0.0028s [] []
[2023-10-11T15:17:26.392929+00:00] console.INFO: [200] GET/admin ..................... ~0.0031s [] []
[2023-10-11T15:17:26.407568+00:00] console.INFO: [200] GET/public/assets/css/style.css ..................... ~0.0002s [] []
[2023-10-11T15:17:26.440650+00:00] console.INFO: [200] GET/public/assets/css/fonts/icomoon.ttf?evlvjx ..................... ~0.0022s [] []
[2023-10-11T15:17:28.524948+00:00] console.INFO: [200] GET/public/assets/css/style.css ..................... ~0.0005s [] []
[2023-10-11T15:17:34.556937+00:00] console.INFO: [200] GET/admin ..................... ~0.0021s [] []
[2023-10-11T15:17:34.575027+00:00] console.INFO: [200] GET/public/assets/js/admin/app.js ..................... ~0.0004s [] []
[2023-10-11T15:17:34.664158+00:00] console.INFO: [200] GET/public/assets/css/fonts/icomoon.ttf?evlvjx ..................... ~0.0025s [] []
[2023-10-11T15:17:59.893416+00:00] console.INFO: [200] GET/admin ..................... ~0.0039s [] []
[2023-10-11T15:17:59.912826+00:00] console.INFO: [200] GET/admin ..................... ~0.0006s [] []
[2023-10-11T15:18:00.017387+00:00] console.INFO: [200] GET/public/assets/css/fonts/icomoon.ttf?evlvjx ..................... ~0.0010s [] []
[2023-10-11T15:18:02.223846+00:00] console.INFO: [200] GET/admin ..................... ~0.0031s [] []
[2023-10-11T15:18:03.239523+00:00] console.INFO: [200] GET/admin/auth/login ..................... ~0.0021s [] []
[2023-10-11T15:18:04.502518+00:00] console.INFO: [200] GET/public/assets/css/style.css ..................... ~0.0043s [] []
[2023-10-11T15:19:08.229962+00:00] console.INFO: [302] POST/admin/auth/login ..................... ~0.0023s [] []
[2023-10-11T15:19:08.235181+00:00] console.INFO: [200] GET/admin ..................... ~0.0020s [] []
[2023-10-11T15:19:08.249394+00:00] console.INFO: [200] GET/public/assets/css/style.css ..................... ~0.0004s [] []
[2023-10-11T15:19:08.253372+00:00] console.INFO: [200] GET/public/assets/js/admin/app.js ..................... ~3.6954s [] []
[2023-10-11T15:19:08.353071+00:00] console.INFO: [200] GET/public/assets/css/fonts/icomoon.ttf?evlvjx ..................... ~0.0037s [] []
[2023-10-11T15:19:10.991971+00:00] console.INFO: [200] GET/admin/auth/login ..................... ~0.0026s [] []
[2023-10-11T15:19:12.483840+00:00] console.INFO: [200] GET/admin ..................... ~0.0021s [] []
[2023-10-11T15:19:12.503338+00:00] console.INFO: [200] GET/public/assets/css/style.css ..................... ~0.0002s [] []
[2023-10-11T15:19:12.642238+00:00] console.INFO: [200] GET/public/assets/css/fonts/icomoon.ttf?evlvjx ..................... ~0.0020s [] []
[2023-10-11T15:19:23.853339+00:00] console.INFO: [200] GET/admin ..................... ~0.0030s [] []
[2023-10-11T15:19:23.865881+00:00] console.INFO: [200] GET/public/assets/css/style.css ..................... ~0.0002s [] []
[2023-10-11T15:19:23.867005+00:00] console.INFO: [200] GET/public/assets/js/admin/app.js ..................... ~0.0001s [] []
[2023-10-11T15:19:23.917216+00:00] console.INFO: [200] GET/public/assets/css/fonts/icomoon.ttf?evlvjx ..................... ~0.0021s [] []
[2023-10-11T15:38:17.167152+00:00] console.INFO: [200] GET/admin ..................... ~0.0003s [] []
[2023-10-11T15:38:17.227686+00:00] console.INFO: [200] GET/admin ..................... ~0.0065s [] []
