[2023-09-10T19:03:12.787718+00:00] error.ERROR: src\Crypto::encrypt(): Argument #1 ($data) must be of type string, null given, called in /Users/bekir/Desktop/projects/framework/src/Database/Cache.php on line 54          src/Crypto.php:32 [] []
[2023-09-10T19:03:30.821773+00:00] error.ERROR: Attempt to read property "array" on null message: "Attempt to read property "array" on null"     file: "/Users/bekir/Desktop/projects/framework/src/Database/Cache.php:69 [] []
[2023-09-10T19:03:30.829187+00:00] error.ERROR: Attempt to read property "array" on null          src/Database/Cache.php:69 [] []
[2023-09-10T19:03:56.195012+00:00] error.ERROR: Attempt to read property "data" on null message: "Attempt to read property "data" on null"     file: "/Users/bekir/Desktop/projects/framework/src/Database/Cache.php:69 [] []
[2023-09-10T19:03:56.199227+00:00] error.ERROR: Attempt to read property "data" on null          src/Database/Cache.php:69 [] []
[2023-09-10T19:05:04.776983+00:00] error.ERROR: src\Crypto::encrypt(): Argument #1 ($data) must be of type string, null given, called in /Users/bekir/Desktop/projects/framework/src/Database/Cache.php on line 54          src/Crypto.php:32 [] []
[2023-09-10T19:06:27.850591+00:00] error.ERROR: Call to a member function toArray() on array          src/Database/Cache.php:36 [] []
[2023-09-10T19:06:43.129573+00:00] error.ERROR: Call to a member function toArray() on array          app/Controllers/Home.php:22 [] []
[2023-09-10T19:06:44.032801+00:00] error.ERROR: Call to a member function toArray() on array          app/Controllers/Home.php:22 [] []
[2023-09-10T19:07:05.438931+00:00] error.ERROR: Call to a member function toArray() on array          app/Controllers/Home.php:22 [] []
[2023-09-10T19:10:38.425036+00:00] error.ERROR: Call to a member function toJson() on array          app/Controllers/Home.php:22 [] []
[2023-09-10T19:48:14.026902+00:00] error.ERROR: Call to a member function toJson() on array          app/Controllers/Home.php:22 [] []
[2023-09-10T19:51:04.850347+00:00] error.ERROR: foreach() argument must be of type array|object, string given message: "foreach() argument must be of type array|object, string given"     file: "/Users/bekir/Desktop/projects/framework/app/Controllers/Home.php:25 [] []
[2023-09-10T19:51:04.854841+00:00] error.ERROR: foreach() argument must be of type array|object, string given          app/Controllers/Home.php:25 [] []
[2023-09-10T19:51:06.874225+00:00] error.ERROR: foreach() argument must be of type array|object, string given message: "foreach() argument must be of type array|object, string given"     file: "/Users/bekir/Desktop/projects/framework/app/Controllers/Home.php:25 [] []
[2023-09-10T19:51:06.878124+00:00] error.ERROR: foreach() argument must be of type array|object, string given          app/Controllers/Home.php:25 [] []
[2023-09-10T19:51:08.426619+00:00] error.ERROR: foreach() argument must be of type array|object, string given message: "foreach() argument must be of type array|object, string given"     file: "/Users/bekir/Desktop/projects/framework/app/Controllers/Home.php:25 [] []
[2023-09-10T19:51:08.430440+00:00] error.ERROR: foreach() argument must be of type array|object, string given          app/Controllers/Home.php:25 [] []
[2023-09-10T19:52:56.523339+00:00] error.ERROR: foreach() argument must be of type array|object, string given message: "foreach() argument must be of type array|object, string given"     file: "/Users/bekir/Desktop/projects/framework/storage/cache/view/a6a628d76c1b7aca3496eeaaaa0f265cf57686b5.php:20 [] []
[2023-09-10T19:52:56.566994+00:00] error.ERROR: foreach() argument must be of type array|object, string given (View: /Users/bekir/Desktop/projects/framework/public/view/home.blade.php)          storage/cache/view/a6a628d76c1b7aca3496eeaaaa0f265cf57686b5.php:20 [] []
[2023-09-10T19:53:05.952597+00:00] error.ERROR: foreach() argument must be of type array|object, string given message: "foreach() argument must be of type array|object, string given"     file: "/Users/bekir/Desktop/projects/framework/storage/cache/view/a6a628d76c1b7aca3496eeaaaa0f265cf57686b5.php:20 [] []
[2023-09-10T19:53:05.956670+00:00] error.ERROR: foreach() argument must be of type array|object, string given (View: /Users/bekir/Desktop/projects/framework/public/view/home.blade.php)          storage/cache/view/a6a628d76c1b7aca3496eeaaaa0f265cf57686b5.php:20 [] []
[2023-09-10T19:54:12.425857+00:00] error.ERROR: foreach() argument must be of type array|object, string given message: "foreach() argument must be of type array|object, string given"     file: "/Users/bekir/Desktop/projects/framework/storage/cache/view/a6a628d76c1b7aca3496eeaaaa0f265cf57686b5.php:20 [] []
[2023-09-10T19:54:12.429869+00:00] error.ERROR: foreach() argument must be of type array|object, string given (View: /Users/bekir/Desktop/projects/framework/public/view/home.blade.php)          storage/cache/view/a6a628d76c1b7aca3496eeaaaa0f265cf57686b5.php:20 [] []
[2023-09-10T19:54:13.357666+00:00] error.ERROR: foreach() argument must be of type array|object, string given message: "foreach() argument must be of type array|object, string given"     file: "/Users/bekir/Desktop/projects/framework/storage/cache/view/a6a628d76c1b7aca3496eeaaaa0f265cf57686b5.php:20 [] []
[2023-09-10T19:54:13.361328+00:00] error.ERROR: foreach() argument must be of type array|object, string given (View: /Users/bekir/Desktop/projects/framework/public/view/home.blade.php)          storage/cache/view/a6a628d76c1b7aca3496eeaaaa0f265cf57686b5.php:20 [] []
[2023-09-10T19:54:57.313937+00:00] error.ERROR: Property [items] does not exist on this collection instance.          vendor/illuminate/collections/Traits/EnumeratesValues.php:969 [] []
[2023-09-10T19:55:24.953322+00:00] error.ERROR: Property [items] does not exist on this collection instance.          vendor/illuminate/collections/Traits/EnumeratesValues.php:969 [] []
[2023-09-10T19:55:26.052916+00:00] error.ERROR: Property [items] does not exist on this collection instance.          vendor/illuminate/collections/Traits/EnumeratesValues.php:969 [] []
[2023-09-10T19:55:45.818607+00:00] error.ERROR: foreach() argument must be of type array|object, string given message: "foreach() argument must be of type array|object, string given"     file: "/Users/bekir/Desktop/projects/framework/storage/cache/view/a6a628d76c1b7aca3496eeaaaa0f265cf57686b5.php:20 [] []
[2023-09-10T19:55:45.822213+00:00] error.ERROR: foreach() argument must be of type array|object, string given (View: /Users/bekir/Desktop/projects/framework/public/view/home.blade.php)          storage/cache/view/a6a628d76c1b7aca3496eeaaaa0f265cf57686b5.php:20 [] []
[2023-09-10T19:55:46.503902+00:00] error.ERROR: foreach() argument must be of type array|object, string given message: "foreach() argument must be of type array|object, string given"     file: "/Users/bekir/Desktop/projects/framework/storage/cache/view/a6a628d76c1b7aca3496eeaaaa0f265cf57686b5.php:20 [] []
[2023-09-10T19:55:46.507462+00:00] error.ERROR: foreach() argument must be of type array|object, string given (View: /Users/bekir/Desktop/projects/framework/public/view/home.blade.php)          storage/cache/view/a6a628d76c1b7aca3496eeaaaa0f265cf57686b5.php:20 [] []
[2023-09-10T19:55:49.900147+00:00] error.ERROR: Attempt to read property "completed" on array message: "Attempt to read property "completed" on array"     file: "/Users/bekir/Desktop/projects/framework/storage/cache/view/a6a628d76c1b7aca3496eeaaaa0f265cf57686b5.php:23 [] []
[2023-09-10T19:55:49.904509+00:00] error.ERROR: Attempt to read property "completed" on array (View: /Users/bekir/Desktop/projects/framework/public/view/home.blade.php)          storage/cache/view/a6a628d76c1b7aca3496eeaaaa0f265cf57686b5.php:23 [] []
[2023-09-10T19:56:01.000191+00:00] error.ERROR: Attempt to read property "completed" on array message: "Attempt to read property "completed" on array"     file: "/Users/bekir/Desktop/projects/framework/storage/cache/view/a6a628d76c1b7aca3496eeaaaa0f265cf57686b5.php:23 [] []
[2023-09-10T19:56:01.004722+00:00] error.ERROR: Attempt to read property "completed" on array (View: /Users/bekir/Desktop/projects/framework/public/view/home.blade.php)          storage/cache/view/a6a628d76c1b7aca3496eeaaaa0f265cf57686b5.php:23 [] []
[2023-09-10T19:56:05.392537+00:00] error.ERROR: Attempt to read property "completed" on array message: "Attempt to read property "completed" on array"     file: "/Users/bekir/Desktop/projects/framework/storage/cache/view/a6a628d76c1b7aca3496eeaaaa0f265cf57686b5.php:23 [] []
[2023-09-10T19:56:05.397641+00:00] error.ERROR: Attempt to read property "completed" on array (View: /Users/bekir/Desktop/projects/framework/public/view/home.blade.php)          storage/cache/view/a6a628d76c1b7aca3496eeaaaa0f265cf57686b5.php:23 [] []
[2023-09-10T19:56:40.541568+00:00] error.ERROR: Attempt to read property "completed" on array message: "Attempt to read property "completed" on array"     file: "/Users/bekir/Desktop/projects/framework/storage/cache/view/a6a628d76c1b7aca3496eeaaaa0f265cf57686b5.php:23 [] []
[2023-09-10T19:56:40.545353+00:00] error.ERROR: Attempt to read property "completed" on array (View: /Users/bekir/Desktop/projects/framework/public/view/home.blade.php)          storage/cache/view/a6a628d76c1b7aca3496eeaaaa0f265cf57686b5.php:23 [] []
[2023-09-10T20:20:19.786825+00:00] error.ERROR: Attempt to read property "completed" on int message: "Attempt to read property "completed" on int"     file: "/Users/bekir/Desktop/projects/framework/storage/cache/view/a6a628d76c1b7aca3496eeaaaa0f265cf57686b5.php:23 [] []
[2023-09-10T20:20:19.792530+00:00] error.ERROR: Attempt to read property "completed" on int (View: /Users/bekir/Desktop/projects/framework/public/view/home.blade.php)          storage/cache/view/a6a628d76c1b7aca3496eeaaaa0f265cf57686b5.php:23 [] []
[2023-09-10T20:20:31.544024+00:00] error.ERROR: Call to a member function first() on array          app/Controllers/Home.php:24 [] []
[2023-09-10T20:21:27.713182+00:00] error.ERROR: Attempt to read property "completed" on int message: "Attempt to read property "completed" on int"     file: "/Users/bekir/Desktop/projects/framework/storage/cache/view/a6a628d76c1b7aca3496eeaaaa0f265cf57686b5.php:23 [] []
[2023-09-10T20:21:27.718344+00:00] error.ERROR: Attempt to read property "completed" on int (View: /Users/bekir/Desktop/projects/framework/public/view/home.blade.php)          storage/cache/view/a6a628d76c1b7aca3496eeaaaa0f265cf57686b5.php:23 [] []
[2023-09-10T20:21:36.521058+00:00] error.ERROR: Attempt to read property "completed" on int message: "Attempt to read property "completed" on int"     file: "/Users/bekir/Desktop/projects/framework/storage/cache/view/a6a628d76c1b7aca3496eeaaaa0f265cf57686b5.php:23 [] []
[2023-09-10T20:21:36.525062+00:00] error.ERROR: Attempt to read property "completed" on int (View: /Users/bekir/Desktop/projects/framework/public/view/home.blade.php)          storage/cache/view/a6a628d76c1b7aca3496eeaaaa0f265cf57686b5.php:23 [] []
[2023-09-10T20:49:21.717757+00:00] error.ERROR: Call to a member function toArray() on array          src/Database/Cache.php:60 [] []
[2023-09-10T20:49:21.771583+00:00] error.ERROR: Call to a member function toArray() on array          src/Database/Cache.php:60 [] []
[2023-09-10T20:49:29.150638+00:00] error.ERROR: Call to a member function toArray() on array          src/Database/Cache.php:60 [] []
[2023-09-10T20:49:29.860925+00:00] error.ERROR: Call to a member function toArray() on array          src/Database/Cache.php:60 [] []
[2023-09-10T20:49:31.302140+00:00] error.ERROR: Call to a member function toArray() on array          src/Database/Cache.php:60 [] []
[2023-09-10T20:49:32.811043+00:00] error.ERROR: Call to a member function toArray() on array          src/Database/Cache.php:60 [] []
