[2023-09-09T07:26:48.076667+00:00] error.ERROR: Undefined global variable $_SESSION message: "Undefined global variable $_SESSION"     file: "/Users/bekir/Desktop/projects/framework/storage/cache/a6a628d76c1b7aca3496eeaaaa0f265cf57686b5.php:12 [] []
[2023-09-09T07:26:48.239829+00:00] error.ERROR: Undefined global variable $_SESSION (View: /Users/bekir/Desktop/projects/framework/public/view/home.blade.php)          storage/cache/a6a628d76c1b7aca3496eeaaaa0f265cf57686b5.php:12 [] []
[2023-09-09T07:26:48.758765+00:00] error.ERROR: Undefined global variable $_SESSION message: "Undefined global variable $_SESSION"     file: "/Users/bekir/Desktop/projects/framework/storage/cache/a6a628d76c1b7aca3496eeaaaa0f265cf57686b5.php:12 [] []
[2023-09-09T07:26:48.759517+00:00] error.ERROR: Undefined global variable $_SESSION (View: /Users/bekir/Desktop/projects/framework/public/view/home.blade.php)          storage/cache/a6a628d76c1b7aca3496eeaaaa0f265cf57686b5.php:12 [] []
[2023-09-09T07:27:57.118884+00:00] error.ERROR: Undefined global variable $_SESSION message: "Undefined global variable $_SESSION"     file: "/Users/bekir/Desktop/projects/framework/app/Controllers/Home.php:34 [] []
[2023-09-09T07:27:57.119742+00:00] error.ERROR: Undefined global variable $_SESSION          app/Controllers/Home.php:34 [] []
[2023-09-09T07:27:57.916235+00:00] error.ERROR: Undefined global variable $_SESSION message: "Undefined global variable $_SESSION"     file: "/Users/bekir/Desktop/projects/framework/app/Controllers/Home.php:34 [] []
[2023-09-09T07:27:57.916824+00:00] error.ERROR: Undefined global variable $_SESSION          app/Controllers/Home.php:34 [] []
[2023-09-09T07:30:23.676254+00:00] error.ERROR: Undefined global variable $_SESSION message: "Undefined global variable $_SESSION"     file: "/Users/bekir/Desktop/projects/framework/app/Controllers/Home.php:34 [] []
[2023-09-09T07:30:23.677395+00:00] error.ERROR: Undefined global variable $_SESSION          app/Controllers/Home.php:34 [] []
[2023-09-09T07:51:22.961417+00:00] error.ERROR: session_start(): Session cannot be started after headers have already been sent message: "session_start(): Session cannot be started after headers have already been sent"     file: "/Users/bekir/Desktop/projects/framework/vendor/aura/session/src/Phpfunc.php:33 [] []
[2023-09-09T08:01:27.732302+00:00] error.ERROR: session_start(): Session cannot be started after headers have already been sent message: "session_start(): Session cannot be started after headers have already been sent"     file: "/Users/bekir/Desktop/projects/framework/vendor/aura/session/src/Phpfunc.php:33 [] []
[2023-09-09T08:01:28.457226+00:00] error.ERROR: session_start(): Session cannot be started after headers have already been sent message: "session_start(): Session cannot be started after headers have already been sent"     file: "/Users/bekir/Desktop/projects/framework/vendor/aura/session/src/Phpfunc.php:33 [] []
[2023-09-09T08:01:31.222378+00:00] error.ERROR: session_start(): Session cannot be started after headers have already been sent message: "session_start(): Session cannot be started after headers have already been sent"     file: "/Users/bekir/Desktop/projects/framework/vendor/aura/session/src/Phpfunc.php:33 [] []
[2023-09-09T08:01:36.569212+00:00] error.ERROR: session_start(): Session cannot be started after headers have already been sent message: "session_start(): Session cannot be started after headers have already been sent"     file: "/Users/bekir/Desktop/projects/framework/vendor/aura/session/src/Phpfunc.php:33 [] []
[2023-09-09T08:01:44.546916+00:00] error.ERROR: session_start(): Session cannot be started after headers have already been sent message: "session_start(): Session cannot be started after headers have already been sent"     file: "/Users/bekir/Desktop/projects/framework/vendor/aura/session/src/Phpfunc.php:33 [] []
[2023-09-09T08:01:45.298118+00:00] error.ERROR: session_start(): Session cannot be started after headers have already been sent message: "session_start(): Session cannot be started after headers have already been sent"     file: "/Users/bekir/Desktop/projects/framework/vendor/aura/session/src/Phpfunc.php:33 [] []
[2023-09-09T08:02:05.477647+00:00] error.ERROR: session_start(): Session cannot be started after headers have already been sent message: "session_start(): Session cannot be started after headers have already been sent"     file: "/Users/bekir/Desktop/projects/framework/vendor/aura/session/src/Phpfunc.php:33 [] []
[2023-09-09T08:02:10.014423+00:00] error.ERROR: session_start(): Session cannot be started after headers have already been sent message: "session_start(): Session cannot be started after headers have already been sent"     file: "/Users/bekir/Desktop/projects/framework/vendor/aura/session/src/Phpfunc.php:33 [] []
[2023-09-09T08:02:13.389670+00:00] error.ERROR: session_start(): Session cannot be started after headers have already been sent message: "session_start(): Session cannot be started after headers have already been sent"     file: "/Users/bekir/Desktop/projects/framework/vendor/aura/session/src/Phpfunc.php:33 [] []
[2023-09-09T08:02:15.206492+00:00] error.ERROR: session_start(): Session cannot be started after headers have already been sent message: "session_start(): Session cannot be started after headers have already been sent"     file: "/Users/bekir/Desktop/projects/framework/vendor/aura/session/src/Phpfunc.php:33 [] []
[2023-09-09T08:02:15.725838+00:00] error.ERROR: session_start(): Session cannot be started after headers have already been sent message: "session_start(): Session cannot be started after headers have already been sent"     file: "/Users/bekir/Desktop/projects/framework/vendor/aura/session/src/Phpfunc.php:33 [] []
[2023-09-09T08:03:56.232279+00:00] error.ERROR: session_start(): Session cannot be started after headers have already been sent message: "session_start(): Session cannot be started after headers have already been sent"     file: "/Users/bekir/Desktop/projects/framework/vendor/aura/session/src/Phpfunc.php:33 [] []
[2023-09-09T08:06:23.670758+00:00] error.ERROR: session_start(): Session cannot be started after headers have already been sent message: "session_start(): Session cannot be started after headers have already been sent"     file: "/Users/bekir/Desktop/projects/framework/vendor/aura/session/src/Phpfunc.php:33 [] []
[2023-09-09T08:06:23.672077+00:00] error.ERROR: session_start(): Session cannot be started after headers have already been sent (View: /Users/bekir/Desktop/projects/framework/public/view/home.blade.php)          vendor/aura/session/src/Phpfunc.php:33 [] []
[2023-09-09T08:06:24.837705+00:00] error.ERROR: session_start(): Session cannot be started after headers have already been sent message: "session_start(): Session cannot be started after headers have already been sent"     file: "/Users/bekir/Desktop/projects/framework/vendor/aura/session/src/Phpfunc.php:33 [] []
[2023-09-09T08:06:24.852347+00:00] error.ERROR: session_start(): Session cannot be started after headers have already been sent (View: /Users/bekir/Desktop/projects/framework/public/view/home.blade.php)          vendor/aura/session/src/Phpfunc.php:33 [] []
[2023-09-09T08:06:25.388050+00:00] error.ERROR: session_start(): Session cannot be started after headers have already been sent message: "session_start(): Session cannot be started after headers have already been sent"     file: "/Users/bekir/Desktop/projects/framework/vendor/aura/session/src/Phpfunc.php:33 [] []
[2023-09-09T08:06:25.402988+00:00] error.ERROR: session_start(): Session cannot be started after headers have already been sent (View: /Users/bekir/Desktop/projects/framework/public/view/home.blade.php)          vendor/aura/session/src/Phpfunc.php:33 [] []
[2023-09-09T08:06:25.659340+00:00] error.ERROR: session_start(): Session cannot be started after headers have already been sent message: "session_start(): Session cannot be started after headers have already been sent"     file: "/Users/bekir/Desktop/projects/framework/vendor/aura/session/src/Phpfunc.php:33 [] []
[2023-09-09T08:06:25.660149+00:00] error.ERROR: session_start(): Session cannot be started after headers have already been sent (View: /Users/bekir/Desktop/projects/framework/public/view/home.blade.php)          vendor/aura/session/src/Phpfunc.php:33 [] []
[2023-09-09T08:06:26.121034+00:00] error.ERROR: session_start(): Session cannot be started after headers have already been sent message: "session_start(): Session cannot be started after headers have already been sent"     file: "/Users/bekir/Desktop/projects/framework/vendor/aura/session/src/Phpfunc.php:33 [] []
[2023-09-09T08:06:26.122027+00:00] error.ERROR: session_start(): Session cannot be started after headers have already been sent (View: /Users/bekir/Desktop/projects/framework/public/view/home.blade.php)          vendor/aura/session/src/Phpfunc.php:33 [] []
[2023-09-09T08:06:33.892417+00:00] error.ERROR: session_start(): Session cannot be started after headers have already been sent message: "session_start(): Session cannot be started after headers have already been sent"     file: "/Users/bekir/Desktop/projects/framework/vendor/aura/session/src/Phpfunc.php:33 [] []
[2023-09-09T08:06:33.894046+00:00] error.ERROR: session_start(): Session cannot be started after headers have already been sent (View: /Users/bekir/Desktop/projects/framework/public/view/home.blade.php)          vendor/aura/session/src/Phpfunc.php:33 [] []
[2023-09-09T08:06:53.997280+00:00] error.ERROR: session_start(): Session cannot be started after headers have already been sent message: "session_start(): Session cannot be started after headers have already been sent"     file: "/Users/bekir/Desktop/projects/framework/vendor/aura/session/src/Phpfunc.php:33 [] []
[2023-09-09T08:06:53.998268+00:00] error.ERROR: session_start(): Session cannot be started after headers have already been sent (View: /Users/bekir/Desktop/projects/framework/public/view/home.blade.php)          vendor/aura/session/src/Phpfunc.php:33 [] []
[2023-09-09T08:06:55.463432+00:00] error.ERROR: session_start(): Session cannot be started after headers have already been sent message: "session_start(): Session cannot be started after headers have already been sent"     file: "/Users/bekir/Desktop/projects/framework/vendor/aura/session/src/Phpfunc.php:33 [] []
[2023-09-09T08:06:55.510523+00:00] error.ERROR: session_start(): Session cannot be started after headers have already been sent (View: /Users/bekir/Desktop/projects/framework/public/view/home.blade.php)          vendor/aura/session/src/Phpfunc.php:33 [] []
[2023-09-09T08:06:56.316724+00:00] error.ERROR: session_start(): Session cannot be started after headers have already been sent message: "session_start(): Session cannot be started after headers have already been sent"     file: "/Users/bekir/Desktop/projects/framework/vendor/aura/session/src/Phpfunc.php:33 [] []
[2023-09-09T08:06:56.318913+00:00] error.ERROR: session_start(): Session cannot be started after headers have already been sent (View: /Users/bekir/Desktop/projects/framework/public/view/home.blade.php)          vendor/aura/session/src/Phpfunc.php:33 [] []
[2023-09-09T08:07:07.034488+00:00] error.ERROR: session_start(): Session cannot be started after headers have already been sent message: "session_start(): Session cannot be started after headers have already been sent"     file: "/Users/bekir/Desktop/projects/framework/vendor/aura/session/src/Phpfunc.php:33 [] []
[2023-09-09T08:07:07.046571+00:00] error.ERROR: session_start(): Session cannot be started after headers have already been sent (View: /Users/bekir/Desktop/projects/framework/public/view/home.blade.php)          vendor/aura/session/src/Phpfunc.php:33 [] []
[2023-09-09T09:14:25.708100+00:00] error.ERROR: Implicit conversion from float 1694250865.4 to int loses precision message: "Implicit conversion from float 1694250865.4 to int loses precision"     file: "/Users/bekir/Desktop/projects/framework/src/Session.php:57 [] []
[2023-09-09T09:14:25.709187+00:00] error.ERROR: Implicit conversion from float 1694250865.4 to int loses precision          src/Session.php:57 [] []
[2023-09-09T09:14:34.326095+00:00] error.ERROR: Implicit conversion from float 1694250874.5 to int loses precision message: "Implicit conversion from float 1694250874.5 to int loses precision"     file: "/Users/bekir/Desktop/projects/framework/src/Session.php:57 [] []
[2023-09-09T09:14:34.327157+00:00] error.ERROR: Implicit conversion from float 1694250874.5 to int loses precision          src/Session.php:57 [] []
[2023-09-09T09:15:51.876981+00:00] error.ERROR: syntax error, unexpected token "return"          app/Controllers/Home.php:40 [] []
[2023-09-09T09:16:27.158503+00:00] error.ERROR: Cannot modify header information - headers already sent by (output started at /Users/bekir/Desktop/projects/framework/vendor/symfony/http-foundation/Response.php:1325) message: "Cannot modify header information - headers already sent by (output started at /Users/bekir/Desktop/projects/framework/vendor/symfony/http-foundation/Response.php:1325)"     file: "/Users/bekir/Desktop/projects/framework/src/Session.php:32 [] []
[2023-09-09T09:16:27.159726+00:00] error.ERROR: Cannot modify header information - headers already sent by (output started at /Users/bekir/Desktop/projects/framework/vendor/symfony/http-foundation/Response.php:1325)          src/Session.php:32 [] []
[2023-09-09T09:16:51.660924+00:00] error.ERROR: Cannot modify header information - headers already sent by (output started at /Users/bekir/Desktop/projects/framework/vendor/symfony/http-foundation/Response.php:1325) message: "Cannot modify header information - headers already sent by (output started at /Users/bekir/Desktop/projects/framework/vendor/symfony/http-foundation/Response.php:1325)"     file: "/Users/bekir/Desktop/projects/framework/src/Session.php:32 [] []
[2023-09-09T09:16:51.662009+00:00] error.ERROR: Cannot modify header information - headers already sent by (output started at /Users/bekir/Desktop/projects/framework/vendor/symfony/http-foundation/Response.php:1325)          src/Session.php:32 [] []
[2023-09-09T09:17:02.161798+00:00] error.ERROR: Cannot modify header information - headers already sent by (output started at /Users/bekir/Desktop/projects/framework/vendor/symfony/http-foundation/Response.php:1325) message: "Cannot modify header information - headers already sent by (output started at /Users/bekir/Desktop/projects/framework/vendor/symfony/http-foundation/Response.php:1325)"     file: "/Users/bekir/Desktop/projects/framework/src/Session.php:32 [] []
[2023-09-09T09:17:02.162942+00:00] error.ERROR: Cannot modify header information - headers already sent by (output started at /Users/bekir/Desktop/projects/framework/vendor/symfony/http-foundation/Response.php:1325)          src/Session.php:32 [] []
[2023-09-09T09:33:51.725451+00:00] error.ERROR: Cannot use object of type stdClass as array (View: /Users/bekir/Desktop/projects/framework/public/view/home.blade.php)          storage/cache/a6a628d76c1b7aca3496eeaaaa0f265cf57686b5.php:14 [] []
[2023-09-09T10:19:17.455020+00:00] error.ERROR: 9 arguments are required, 6 given (View: /Users/bekir/Desktop/projects/framework/public/view/home.blade.php)          src/UUid.php:35 [] []
[2023-09-09T10:19:17.714362+00:00] error.ERROR: 9 arguments are required, 6 given (View: /Users/bekir/Desktop/projects/framework/public/view/home.blade.php)          src/UUid.php:35 [] []
[2023-09-09T10:19:17.873034+00:00] error.ERROR: 9 arguments are required, 6 given (View: /Users/bekir/Desktop/projects/framework/public/view/home.blade.php)          src/UUid.php:35 [] []
[2023-09-09T10:19:18.746355+00:00] error.ERROR: 9 arguments are required, 6 given (View: /Users/bekir/Desktop/projects/framework/public/view/home.blade.php)          src/UUid.php:35 [] []
[2023-09-09T10:19:19.812756+00:00] error.ERROR: 9 arguments are required, 6 given (View: /Users/bekir/Desktop/projects/framework/public/view/home.blade.php)          src/UUid.php:35 [] []
[2023-09-09T10:20:34.667886+00:00] error.ERROR: 9 arguments are required, 6 given (View: /Users/bekir/Desktop/projects/framework/public/view/home.blade.php)          src/UUid.php:35 [] []
[2023-09-09T10:20:35.455806+00:00] error.ERROR: 9 arguments are required, 6 given (View: /Users/bekir/Desktop/projects/framework/public/view/home.blade.php)          src/UUid.php:35 [] []
[2023-09-09T10:20:36.099543+00:00] error.ERROR: 9 arguments are required, 6 given (View: /Users/bekir/Desktop/projects/framework/public/view/home.blade.php)          src/UUid.php:35 [] []
[2023-09-09T10:20:36.579366+00:00] error.ERROR: 9 arguments are required, 6 given (View: /Users/bekir/Desktop/projects/framework/public/view/home.blade.php)          src/UUid.php:35 [] []
[2023-09-09T10:20:36.981494+00:00] error.ERROR: 9 arguments are required, 6 given (View: /Users/bekir/Desktop/projects/framework/public/view/home.blade.php)          src/UUid.php:35 [] []
[2023-09-09T10:20:37.269723+00:00] error.ERROR: 9 arguments are required, 6 given (View: /Users/bekir/Desktop/projects/framework/public/view/home.blade.php)          src/UUid.php:35 [] []
[2023-09-09T10:20:37.564747+00:00] error.ERROR: 9 arguments are required, 6 given (View: /Users/bekir/Desktop/projects/framework/public/view/home.blade.php)          src/UUid.php:35 [] []
[2023-09-09T10:20:37.871689+00:00] error.ERROR: 9 arguments are required, 6 given (View: /Users/bekir/Desktop/projects/framework/public/view/home.blade.php)          src/UUid.php:35 [] []
[2023-09-09T10:20:38.221691+00:00] error.ERROR: 9 arguments are required, 6 given (View: /Users/bekir/Desktop/projects/framework/public/view/home.blade.php)          src/UUid.php:35 [] []
[2023-09-09T11:51:57.182119+00:00] error.ERROR: Call to undefined method src\Csrf::key()          app/Controllers/Home.php:41 [] []
[2023-09-09T11:52:00.802323+00:00] error.ERROR: Call to undefined method src\Csrf::key()          app/Controllers/Home.php:41 [] []
[2023-09-09T11:52:01.508203+00:00] error.ERROR: Call to undefined method src\Csrf::key()          app/Controllers/Home.php:41 [] []
[2023-09-09T11:52:13.318104+00:00] error.ERROR: Call to undefined method src\Csrf::key()          app/Controllers/Home.php:45 [] []
[2023-09-09T11:52:13.957028+00:00] error.ERROR: Call to undefined method src\Csrf::key()          app/Controllers/Home.php:45 [] []
[2023-09-09T12:02:23.011462+00:00] error.ERROR: Too few arguments to function src\Crypto::encrypt(), 0 passed in /Users/bekir/Desktop/projects/framework/src/Csrf.php on line 28 and at least 1 expected (View: /Users/bekir/Desktop/projects/framework/public/view/home.blade.php)          src/Crypto.php:32 [] []
[2023-09-09T12:05:50.334827+00:00] error.ERROR: Class "src\Csrf" not found (View: /Users/bekir/Desktop/projects/framework/public/view/home.blade.php)          config/helpers.php:150 [] []
[2023-09-09T12:05:55.589984+00:00] error.ERROR: Call to undefined method src\Csrf::getInstance() (View: /Users/bekir/Desktop/projects/framework/public/view/home.blade.php)          config/helpers.php:150 [] []
[2023-09-09T12:05:56.409235+00:00] error.ERROR: Call to undefined method src\Csrf::getInstance() (View: /Users/bekir/Desktop/projects/framework/public/view/home.blade.php)          config/helpers.php:150 [] []
[2023-09-09T12:06:06.436476+00:00] error.ERROR: Call to undefined method src\Csrf::_token() (View: /Users/bekir/Desktop/projects/framework/public/view/home.blade.php)          config/helpers.php:158 [] []
[2023-09-09T12:06:07.064351+00:00] error.ERROR: Call to undefined method src\Csrf::_token() (View: /Users/bekir/Desktop/projects/framework/public/view/home.blade.php)          config/helpers.php:158 [] []
[2023-09-09T12:37:34.302523+00:00] error.ERROR: Undefined array key "_token" message: "Undefined array key "_token""     file: "/Users/bekir/Desktop/projects/framework/src/Csrf.php:41 [] []
[2023-09-09T12:37:34.317267+00:00] error.ERROR: Undefined array key "_token"          src/Csrf.php:41 [] []
[2023-09-09T12:38:00.939693+00:00] error.ERROR: Cannot modify header information - headers already sent by (output started at /Users/bekir/Desktop/projects/framework/vendor/symfony/http-foundation/Response.php:1325) message: "Cannot modify header information - headers already sent by (output started at /Users/bekir/Desktop/projects/framework/vendor/symfony/http-foundation/Response.php:1325)"     file: "/Users/bekir/Desktop/projects/framework/src/Session.php:101 [] []
[2023-09-09T12:38:00.941120+00:00] error.ERROR: Cannot modify header information - headers already sent by (output started at /Users/bekir/Desktop/projects/framework/vendor/symfony/http-foundation/Response.php:1325)          src/Session.php:101 [] []
[2023-09-09T12:38:04.427345+00:00] error.ERROR: Cannot modify header information - headers already sent by (output started at /Users/bekir/Desktop/projects/framework/vendor/symfony/http-foundation/Response.php:1325) message: "Cannot modify header information - headers already sent by (output started at /Users/bekir/Desktop/projects/framework/vendor/symfony/http-foundation/Response.php:1325)"     file: "/Users/bekir/Desktop/projects/framework/src/Session.php:101 [] []
[2023-09-09T12:38:04.428385+00:00] error.ERROR: Cannot modify header information - headers already sent by (output started at /Users/bekir/Desktop/projects/framework/vendor/symfony/http-foundation/Response.php:1325)          src/Session.php:101 [] []
[2023-09-09T12:38:05.144526+00:00] error.ERROR: Cannot modify header information - headers already sent by (output started at /Users/bekir/Desktop/projects/framework/vendor/symfony/http-foundation/Response.php:1325) message: "Cannot modify header information - headers already sent by (output started at /Users/bekir/Desktop/projects/framework/vendor/symfony/http-foundation/Response.php:1325)"     file: "/Users/bekir/Desktop/projects/framework/src/Session.php:101 [] []
[2023-09-09T12:38:05.145283+00:00] error.ERROR: Cannot modify header information - headers already sent by (output started at /Users/bekir/Desktop/projects/framework/vendor/symfony/http-foundation/Response.php:1325)          src/Session.php:101 [] []
[2023-09-09T12:38:05.272506+00:00] error.ERROR: Cannot modify header information - headers already sent by (output started at /Users/bekir/Desktop/projects/framework/vendor/symfony/http-foundation/Response.php:1325) message: "Cannot modify header information - headers already sent by (output started at /Users/bekir/Desktop/projects/framework/vendor/symfony/http-foundation/Response.php:1325)"     file: "/Users/bekir/Desktop/projects/framework/src/Session.php:101 [] []
[2023-09-09T12:38:05.273140+00:00] error.ERROR: Cannot modify header information - headers already sent by (output started at /Users/bekir/Desktop/projects/framework/vendor/symfony/http-foundation/Response.php:1325)          src/Session.php:101 [] []
[2023-09-09T12:38:05.556271+00:00] error.ERROR: Cannot modify header information - headers already sent by (output started at /Users/bekir/Desktop/projects/framework/vendor/symfony/http-foundation/Response.php:1325) message: "Cannot modify header information - headers already sent by (output started at /Users/bekir/Desktop/projects/framework/vendor/symfony/http-foundation/Response.php:1325)"     file: "/Users/bekir/Desktop/projects/framework/src/Session.php:101 [] []
[2023-09-09T12:38:05.556912+00:00] error.ERROR: Cannot modify header information - headers already sent by (output started at /Users/bekir/Desktop/projects/framework/vendor/symfony/http-foundation/Response.php:1325)          src/Session.php:101 [] []
[2023-09-09T12:38:05.942983+00:00] error.ERROR: Cannot modify header information - headers already sent by (output started at /Users/bekir/Desktop/projects/framework/vendor/symfony/http-foundation/Response.php:1325) message: "Cannot modify header information - headers already sent by (output started at /Users/bekir/Desktop/projects/framework/vendor/symfony/http-foundation/Response.php:1325)"     file: "/Users/bekir/Desktop/projects/framework/src/Session.php:101 [] []
[2023-09-09T12:38:05.943661+00:00] error.ERROR: Cannot modify header information - headers already sent by (output started at /Users/bekir/Desktop/projects/framework/vendor/symfony/http-foundation/Response.php:1325)          src/Session.php:101 [] []
[2023-09-09T12:39:21.566814+00:00] error.ERROR: Cannot modify header information - headers already sent by (output started at /Users/bekir/Desktop/projects/framework/vendor/symfony/http-foundation/Response.php:1325) message: "Cannot modify header information - headers already sent by (output started at /Users/bekir/Desktop/projects/framework/vendor/symfony/http-foundation/Response.php:1325)"     file: "/Users/bekir/Desktop/projects/framework/src/Session.php:101 [] []
[2023-09-09T12:39:21.568084+00:00] error.ERROR: Cannot modify header information - headers already sent by (output started at /Users/bekir/Desktop/projects/framework/vendor/symfony/http-foundation/Response.php:1325)          src/Session.php:101 [] []
[2023-09-09T12:39:31.417581+00:00] error.ERROR: Cannot modify header information - headers already sent by (output started at /Users/bekir/Desktop/projects/framework/vendor/symfony/http-foundation/Response.php:1325) message: "Cannot modify header information - headers already sent by (output started at /Users/bekir/Desktop/projects/framework/vendor/symfony/http-foundation/Response.php:1325)"     file: "/Users/bekir/Desktop/projects/framework/src/Session.php:101 [] []
[2023-09-09T12:39:31.418570+00:00] error.ERROR: Cannot modify header information - headers already sent by (output started at /Users/bekir/Desktop/projects/framework/vendor/symfony/http-foundation/Response.php:1325)          src/Session.php:101 [] []
[2023-09-09T12:39:31.969255+00:00] error.ERROR: Cannot modify header information - headers already sent by (output started at /Users/bekir/Desktop/projects/framework/vendor/symfony/http-foundation/Response.php:1325) message: "Cannot modify header information - headers already sent by (output started at /Users/bekir/Desktop/projects/framework/vendor/symfony/http-foundation/Response.php:1325)"     file: "/Users/bekir/Desktop/projects/framework/src/Session.php:101 [] []
[2023-09-09T12:39:31.969971+00:00] error.ERROR: Cannot modify header information - headers already sent by (output started at /Users/bekir/Desktop/projects/framework/vendor/symfony/http-foundation/Response.php:1325)          src/Session.php:101 [] []
[2023-09-09T12:39:32.121507+00:00] error.ERROR: Cannot modify header information - headers already sent by (output started at /Users/bekir/Desktop/projects/framework/vendor/symfony/http-foundation/Response.php:1325) message: "Cannot modify header information - headers already sent by (output started at /Users/bekir/Desktop/projects/framework/vendor/symfony/http-foundation/Response.php:1325)"     file: "/Users/bekir/Desktop/projects/framework/src/Session.php:101 [] []
[2023-09-09T12:39:32.122417+00:00] error.ERROR: Cannot modify header information - headers already sent by (output started at /Users/bekir/Desktop/projects/framework/vendor/symfony/http-foundation/Response.php:1325)          src/Session.php:101 [] []
[2023-09-09T13:42:03.438862+00:00] error.ERROR: Undefined constant "src\VIEW_PATH"          src/View.php:16 [] []
[2023-09-09T13:42:08.959000+00:00] error.ERROR: Undefined constant "src\VIEW_PATH"          src/View.php:16 [] []
[2023-09-09T13:42:42.664146+00:00] error.ERROR: Undefined constant "src\VIEW_PATH"          src/View.php:16 [] []
[2023-09-09T13:43:10.147162+00:00] error.ERROR: Undefined constant "src\FRAMEWORK_VIEW_PATH"          src/View.php:16 [] []
[2023-09-09T13:43:11.383584+00:00] error.ERROR: Undefined constant "src\FRAMEWORK_VIEW_PATH"          src/View.php:16 [] []
[2023-09-09T14:56:16.036306+00:00] error.ERROR: syntax error, unexpected token "}"          app/Controllers/Home.php:25 [] []
[2023-09-09T14:57:29.159507+00:00] error.ERROR: Call to a member function connection() on null          vendor/illuminate/database/Capsule/Manager.php:87 [] []
[2023-09-09T14:59:06.560206+00:00] error.ERROR: SQLSTATE[42000]: Syntax error or access violation: 1115 Unknown character set: 'utf8mb4_general_ci' (SQL: insert into `todo` (`user_id`, `title`, `completed`) values (1, delectus aut autem, 0))          vendor/illuminate/database/Connection.php:712 [] []
[2023-09-09T14:59:07.443150+00:00] error.ERROR: SQLSTATE[42000]: Syntax error or access violation: 1115 Unknown character set: 'utf8mb4_general_ci' (SQL: insert into `todo` (`user_id`, `title`, `completed`) values (1, delectus aut autem, 0))          vendor/illuminate/database/Connection.php:712 [] []
[2023-09-09T14:59:19.337848+00:00] error.ERROR: SQLSTATE[42000]: Syntax error or access violation: 1115 Unknown character set: 'utf8mb4_general_ci' (SQL: insert into `todo` (`user_id`, `title`, `completed`) values (1, delectus aut autem, 0))          vendor/illuminate/database/Connection.php:712 [] []
[2023-09-09T15:01:01.567795+00:00] error.ERROR: SQLSTATE[42S02]: Base table or view not found: 1146 Table 'eskizpsd_framework.todos' doesn't exist (SQL: select * from `todos`)          vendor/illuminate/database/Connection.php:712 [] []
[2023-09-09T15:22:32.293347+00:00] error.ERROR: Using $this when not in object context          src/Database/Model.php:20 [] []
[2023-09-09T15:22:36.081989+00:00] error.ERROR: Using $this when not in object context          src/Database/Model.php:20 [] []
[2023-09-09T15:55:03.716660+00:00] error.ERROR: Class "src\Database\Model" not found          app/Models/Todo.php:7 [] []
[2023-09-09T15:56:30.577610+00:00] error.ERROR: syntax error, unexpected variable "$todos"          app/Controllers/Home.php:25 [] []
[2023-09-09T16:03:07.756151+00:00] error.ERROR: unserialize(): Error at offset 0 of 285676 bytes message: "unserialize(): Error at offset 0 of 285676 bytes"     file: "/Users/bekir/Desktop/projects/framework/src/Database/Cache.php:14 [] []
[2023-09-09T16:03:07.760432+00:00] error.ERROR: unserialize(): Error at offset 0 of 285676 bytes          src/Database/Cache.php:14 [] []
[2023-09-09T16:03:09.273741+00:00] error.ERROR: unserialize(): Error at offset 0 of 285676 bytes message: "unserialize(): Error at offset 0 of 285676 bytes"     file: "/Users/bekir/Desktop/projects/framework/src/Database/Cache.php:14 [] []
[2023-09-09T16:03:09.277386+00:00] error.ERROR: unserialize(): Error at offset 0 of 285676 bytes          src/Database/Cache.php:14 [] []
[2023-09-09T16:05:17.525346+00:00] error.ERROR: unserialize(): Error at offset 0 of 64 bytes message: "unserialize(): Error at offset 0 of 64 bytes"     file: "/Users/bekir/Desktop/projects/framework/src/Database/Cache.php:14 [] []
[2023-09-09T16:05:17.542683+00:00] error.ERROR: unserialize(): Error at offset 0 of 64 bytes (View: /Users/bekir/Desktop/projects/framework/public/view/home.blade.php)          src/Database/Cache.php:14 [] []
[2023-09-09T16:05:43.914683+00:00] error.ERROR: unserialize(): Error at offset 0 of 64 bytes message: "unserialize(): Error at offset 0 of 64 bytes"     file: "/Users/bekir/Desktop/projects/framework/src/Database/Cache.php:14 [] []
[2023-09-09T16:05:43.918147+00:00] error.ERROR: unserialize(): Error at offset 0 of 64 bytes (View: /Users/bekir/Desktop/projects/framework/public/view/home.blade.php)          src/Database/Cache.php:14 [] []
[2023-09-09T16:05:44.849924+00:00] error.ERROR: unserialize(): Error at offset 0 of 64 bytes message: "unserialize(): Error at offset 0 of 64 bytes"     file: "/Users/bekir/Desktop/projects/framework/src/Database/Cache.php:14 [] []
[2023-09-09T16:05:44.853535+00:00] error.ERROR: unserialize(): Error at offset 0 of 64 bytes (View: /Users/bekir/Desktop/projects/framework/public/view/home.blade.php)          src/Database/Cache.php:14 [] []
[2023-09-09T16:05:52.823982+00:00] error.ERROR: unserialize(): Error at offset 0 of 64 bytes message: "unserialize(): Error at offset 0 of 64 bytes"     file: "/Users/bekir/Desktop/projects/framework/src/Database/Cache.php:14 [] []
[2023-09-09T16:05:52.828070+00:00] error.ERROR: unserialize(): Error at offset 0 of 64 bytes (View: /Users/bekir/Desktop/projects/framework/public/view/home.blade.php)          src/Database/Cache.php:14 [] []
[2023-09-09T16:06:11.943263+00:00] error.ERROR: Cannot access offset of type string on string (View: /Users/bekir/Desktop/projects/framework/public/view/home.blade.php)          src/Database/Cache.php:15 [] []
[2023-09-09T16:06:12.758774+00:00] error.ERROR: Cannot access offset of type string on string (View: /Users/bekir/Desktop/projects/framework/public/view/home.blade.php)          src/Database/Cache.php:15 [] []
[2023-09-09T16:06:14.795746+00:00] error.ERROR: Cannot access offset of type string on string (View: /Users/bekir/Desktop/projects/framework/public/view/home.blade.php)          src/Database/Cache.php:15 [] []
[2023-09-09T16:06:55.807507+00:00] error.ERROR: Cannot access offset of type string on string (View: /Users/bekir/Desktop/projects/framework/public/view/home.blade.php)          src/Database/Cache.php:15 [] []
[2023-09-09T16:06:56.675198+00:00] error.ERROR: Cannot access offset of type string on string (View: /Users/bekir/Desktop/projects/framework/public/view/home.blade.php)          src/Database/Cache.php:15 [] []
[2023-09-09T16:07:37.079489+00:00] error.ERROR: Call to a member function toArray() on string (View: /Users/bekir/Desktop/projects/framework/public/view/home.blade.php)          src/Database/Model.php:26 [] []
[2023-09-09T16:10:13.385908+00:00] error.ERROR: Cannot access offset of type string on string          src/Database/Cache.php:15 [] []
[2023-09-09T16:11:18.460819+00:00] error.ERROR: unserialize(): Error at offset 0 of 285676 bytes message: "unserialize(): Error at offset 0 of 285676 bytes"     file: "/Users/bekir/Desktop/projects/framework/src/Database/Cache.php:14 [] []
[2023-09-09T16:11:18.464727+00:00] error.ERROR: unserialize(): Error at offset 0 of 285676 bytes          src/Database/Cache.php:14 [] []
[2023-09-09T16:12:22.070570+00:00] error.ERROR: unserialize(): Error at offset 0 of 285676 bytes message: "unserialize(): Error at offset 0 of 285676 bytes"     file: "/Users/bekir/Desktop/projects/framework/src/Database/Cache.php:14 [] []
[2023-09-09T16:12:22.074590+00:00] error.ERROR: unserialize(): Error at offset 0 of 285676 bytes          src/Database/Cache.php:14 [] []
[2023-09-09T16:12:23.149694+00:00] error.ERROR: unserialize(): Error at offset 0 of 285676 bytes message: "unserialize(): Error at offset 0 of 285676 bytes"     file: "/Users/bekir/Desktop/projects/framework/src/Database/Cache.php:14 [] []
[2023-09-09T16:12:23.153471+00:00] error.ERROR: unserialize(): Error at offset 0 of 285676 bytes          src/Database/Cache.php:14 [] []
[2023-09-09T16:13:33.724035+00:00] error.ERROR: Class "src\Database\Model" not found          app/Models/Todo.php:7 [] []
[2023-09-09T16:13:46.634078+00:00] error.ERROR: unserialize(): Error at offset 0 of 285676 bytes message: "unserialize(): Error at offset 0 of 285676 bytes"     file: "/Users/bekir/Desktop/projects/framework/src/Database/Cache.php:14 [] []
[2023-09-09T16:13:46.637859+00:00] error.ERROR: unserialize(): Error at offset 0 of 285676 bytes          src/Database/Cache.php:14 [] []
[2023-09-09T16:13:47.524100+00:00] error.ERROR: unserialize(): Error at offset 0 of 285676 bytes message: "unserialize(): Error at offset 0 of 285676 bytes"     file: "/Users/bekir/Desktop/projects/framework/src/Database/Cache.php:14 [] []
[2023-09-09T16:13:47.527907+00:00] error.ERROR: unserialize(): Error at offset 0 of 285676 bytes          src/Database/Cache.php:14 [] []
[2023-09-09T16:14:15.668331+00:00] error.ERROR: Access to undeclared static property src\Database\Model::$cacheDuration          src/Database/Model.php:53 [] []
[2023-09-09T16:14:16.551412+00:00] error.ERROR: Access to undeclared static property src\Database\Model::$cacheDuration          src/Database/Model.php:53 [] []
[2023-09-09T16:14:17.485487+00:00] error.ERROR: Access to undeclared static property src\Database\Model::$cacheDuration          src/Database/Model.php:53 [] []
[2023-09-09T16:17:36.020485+00:00] error.ERROR: Attempt to read property "completed" on array message: "Attempt to read property "completed" on array"     file: "/Users/bekir/Desktop/projects/framework/storage/cache/view/a6a628d76c1b7aca3496eeaaaa0f265cf57686b5.php:23 [] []
[2023-09-09T16:17:36.025898+00:00] error.ERROR: Attempt to read property "completed" on array (View: /Users/bekir/Desktop/projects/framework/public/view/home.blade.php)          storage/cache/view/a6a628d76c1b7aca3496eeaaaa0f265cf57686b5.php:23 [] []
[2023-09-09T16:17:44.494449+00:00] error.ERROR: Attempt to read property "completed" on array message: "Attempt to read property "completed" on array"     file: "/Users/bekir/Desktop/projects/framework/storage/cache/view/a6a628d76c1b7aca3496eeaaaa0f265cf57686b5.php:23 [] []
[2023-09-09T16:17:44.497944+00:00] error.ERROR: Attempt to read property "completed" on array (View: /Users/bekir/Desktop/projects/framework/public/view/home.blade.php)          storage/cache/view/a6a628d76c1b7aca3496eeaaaa0f265cf57686b5.php:23 [] []
[2023-09-09T16:18:09.345696+00:00] error.ERROR: Attempt to read property "completed" on array message: "Attempt to read property "completed" on array"     file: "/Users/bekir/Desktop/projects/framework/storage/cache/view/a6a628d76c1b7aca3496eeaaaa0f265cf57686b5.php:23 [] []
[2023-09-09T16:18:09.349349+00:00] error.ERROR: Attempt to read property "completed" on array (View: /Users/bekir/Desktop/projects/framework/public/view/home.blade.php)          storage/cache/view/a6a628d76c1b7aca3496eeaaaa0f265cf57686b5.php:23 [] []
[2023-09-09T16:18:14.846171+00:00] error.ERROR: Attempt to read property "completed" on array message: "Attempt to read property "completed" on array"     file: "/Users/bekir/Desktop/projects/framework/storage/cache/view/a6a628d76c1b7aca3496eeaaaa0f265cf57686b5.php:23 [] []
[2023-09-09T16:18:14.849982+00:00] error.ERROR: Attempt to read property "completed" on array (View: /Users/bekir/Desktop/projects/framework/public/view/home.blade.php)          storage/cache/view/a6a628d76c1b7aca3496eeaaaa0f265cf57686b5.php:23 [] []
[2023-09-09T16:18:17.488132+00:00] error.ERROR: Attempt to read property "completed" on array message: "Attempt to read property "completed" on array"     file: "/Users/bekir/Desktop/projects/framework/storage/cache/view/a6a628d76c1b7aca3496eeaaaa0f265cf57686b5.php:23 [] []
[2023-09-09T16:18:17.491418+00:00] error.ERROR: Attempt to read property "completed" on array (View: /Users/bekir/Desktop/projects/framework/public/view/home.blade.php)          storage/cache/view/a6a628d76c1b7aca3496eeaaaa0f265cf57686b5.php:23 [] []
[2023-09-09T16:18:20.222586+00:00] error.ERROR: Attempt to read property "completed" on array message: "Attempt to read property "completed" on array"     file: "/Users/bekir/Desktop/projects/framework/storage/cache/view/a6a628d76c1b7aca3496eeaaaa0f265cf57686b5.php:23 [] []
[2023-09-09T16:18:20.225920+00:00] error.ERROR: Attempt to read property "completed" on array (View: /Users/bekir/Desktop/projects/framework/public/view/home.blade.php)          storage/cache/view/a6a628d76c1b7aca3496eeaaaa0f265cf57686b5.php:23 [] []
[2023-09-09T16:18:20.519165+00:00] error.ERROR: Attempt to read property "completed" on array message: "Attempt to read property "completed" on array"     file: "/Users/bekir/Desktop/projects/framework/storage/cache/view/a6a628d76c1b7aca3496eeaaaa0f265cf57686b5.php:23 [] []
[2023-09-09T16:18:20.522987+00:00] error.ERROR: Attempt to read property "completed" on array (View: /Users/bekir/Desktop/projects/framework/public/view/home.blade.php)          storage/cache/view/a6a628d76c1b7aca3496eeaaaa0f265cf57686b5.php:23 [] []
[2023-09-09T16:18:20.622557+00:00] error.ERROR: Attempt to read property "completed" on array message: "Attempt to read property "completed" on array"     file: "/Users/bekir/Desktop/projects/framework/storage/cache/view/a6a628d76c1b7aca3496eeaaaa0f265cf57686b5.php:23 [] []
[2023-09-09T16:18:20.625857+00:00] error.ERROR: Attempt to read property "completed" on array (View: /Users/bekir/Desktop/projects/framework/public/view/home.blade.php)          storage/cache/view/a6a628d76c1b7aca3496eeaaaa0f265cf57686b5.php:23 [] []
[2023-09-09T16:18:20.817964+00:00] error.ERROR: Attempt to read property "completed" on array message: "Attempt to read property "completed" on array"     file: "/Users/bekir/Desktop/projects/framework/storage/cache/view/a6a628d76c1b7aca3496eeaaaa0f265cf57686b5.php:23 [] []
[2023-09-09T16:18:20.822268+00:00] error.ERROR: Attempt to read property "completed" on array (View: /Users/bekir/Desktop/projects/framework/public/view/home.blade.php)          storage/cache/view/a6a628d76c1b7aca3496eeaaaa0f265cf57686b5.php:23 [] []
[2023-09-09T16:18:20.986770+00:00] error.ERROR: Attempt to read property "completed" on array message: "Attempt to read property "completed" on array"     file: "/Users/bekir/Desktop/projects/framework/storage/cache/view/a6a628d76c1b7aca3496eeaaaa0f265cf57686b5.php:23 [] []
[2023-09-09T16:18:20.990377+00:00] error.ERROR: Attempt to read property "completed" on array (View: /Users/bekir/Desktop/projects/framework/public/view/home.blade.php)          storage/cache/view/a6a628d76c1b7aca3496eeaaaa0f265cf57686b5.php:23 [] []
[2023-09-09T16:18:21.551324+00:00] error.ERROR: Attempt to read property "completed" on array message: "Attempt to read property "completed" on array"     file: "/Users/bekir/Desktop/projects/framework/storage/cache/view/a6a628d76c1b7aca3496eeaaaa0f265cf57686b5.php:23 [] []
[2023-09-09T16:18:21.588194+00:00] error.ERROR: Attempt to read property "completed" on array (View: /Users/bekir/Desktop/projects/framework/public/view/home.blade.php)          storage/cache/view/a6a628d76c1b7aca3496eeaaaa0f265cf57686b5.php:23 [] []
[2023-09-09T16:18:21.732411+00:00] error.ERROR: Attempt to read property "completed" on array message: "Attempt to read property "completed" on array"     file: "/Users/bekir/Desktop/projects/framework/storage/cache/view/a6a628d76c1b7aca3496eeaaaa0f265cf57686b5.php:23 [] []
[2023-09-09T16:18:21.736118+00:00] error.ERROR: Attempt to read property "completed" on array (View: /Users/bekir/Desktop/projects/framework/public/view/home.blade.php)          storage/cache/view/a6a628d76c1b7aca3496eeaaaa0f265cf57686b5.php:23 [] []
[2023-09-09T16:28:57.150899+00:00] error.ERROR: Non-static method src\Database\Cache::remember() cannot be called statically          app/Controllers/Home.php:24 [] []
[2023-09-09T16:28:58.113853+00:00] error.ERROR: Non-static method src\Database\Cache::remember() cannot be called statically          app/Controllers/Home.php:24 [] []
[2023-09-09T17:35:52.555274+00:00] error.ERROR: Attempt to read property "completed" on array message: "Attempt to read property "completed" on array"     file: "/Users/bekir/Desktop/projects/framework/storage/cache/view/a6a628d76c1b7aca3496eeaaaa0f265cf57686b5.php:23 [] []
[2023-09-09T17:35:52.715016+00:00] error.ERROR: Attempt to read property "completed" on array (View: /Users/bekir/Desktop/projects/framework/public/view/home.blade.php)          storage/cache/view/a6a628d76c1b7aca3496eeaaaa0f265cf57686b5.php:23 [] []
[2023-09-09T17:46:00.141126+00:00] error.ERROR: Non-static method Illuminate\Database\Eloquent\Model::getTable() cannot be called statically          src/Database/Model.php:13 [] []
[2023-09-09T18:01:54.696722+00:00] error.ERROR: Typed static property src\Database\Model::$cache_key must not be accessed before initialization          src/Database/Model.php:19 [] []
[2023-09-09T18:03:27.300773+00:00] error.ERROR: Typed static property src\Database\Model::$cache_key must not be accessed before initialization          src/Database/Model.php:28 [] []
[2023-09-09T18:03:28.473192+00:00] error.ERROR: Typed static property src\Database\Model::$cache_key must not be accessed before initialization          src/Database/Model.php:28 [] []
[2023-09-09T18:11:49.193061+00:00] error.ERROR: Access to undeclared static property src\Database\Model::$cache_key          src/Database/Model.php:17 [] []
[2023-09-09T18:11:55.290207+00:00] error.ERROR: Access to undeclared static property src\Database\Model::$cache_key          src/Database/Model.php:17 [] []
[2023-09-09T18:13:45.607355+00:00] error.ERROR: Typed static property src\Database\Model::$cache_key must not be accessed before initialization          src/Database/Model.php:20 [] []
[2023-09-09T18:14:49.907621+00:00] error.ERROR: Typed static property src\Database\Model::$cache_key must not be accessed before initialization          src/Database/Model.php:20 [] []
[2023-09-09T18:14:50.687975+00:00] error.ERROR: Typed static property src\Database\Model::$cache_key must not be accessed before initialization          src/Database/Model.php:20 [] []
[2023-09-09T18:14:57.001688+00:00] error.ERROR: Access to undeclared static property src\Database\Model::$cache_key          src/Database/Model.php:19 [] []
[2023-09-09T18:14:57.901189+00:00] error.ERROR: Access to undeclared static property src\Database\Model::$cache_key          src/Database/Model.php:19 [] []
[2023-09-09T18:14:58.226677+00:00] error.ERROR: Access to undeclared static property src\Database\Model::$cache_key          src/Database/Model.php:19 [] []
[2023-09-09T18:14:58.675277+00:00] error.ERROR: Access to undeclared static property src\Database\Model::$cache_key          src/Database/Model.php:19 [] []
[2023-09-09T18:14:59.588470+00:00] error.ERROR: Access to undeclared static property src\Database\Model::$cache_key          src/Database/Model.php:19 [] []
[2023-09-09T18:15:01.702115+00:00] error.ERROR: Access to undeclared static property src\Database\Model::$cache_key          src/Database/Model.php:19 [] []
[2023-09-09T18:15:20.762350+00:00] error.ERROR: Using $this when not in object context          src/Database/Model.php:21 [] []
[2023-09-09T18:15:21.426361+00:00] error.ERROR: Using $this when not in object context          src/Database/Model.php:21 [] []
[2023-09-09T18:16:09.507501+00:00] error.ERROR: Non-static method Illuminate\Database\Eloquent\Model::getTable() cannot be called statically          src/Database/Model.php:17 [] []
[2023-09-09T18:16:16.155493+00:00] error.ERROR: Cannot instantiate abstract class Illuminate\Database\Eloquent\Model          src/Database/Model.php:17 [] []
[2023-09-09T18:16:16.923658+00:00] error.ERROR: Cannot instantiate abstract class Illuminate\Database\Eloquent\Model          src/Database/Model.php:17 [] []
[2023-09-09T18:16:17.296292+00:00] error.ERROR: Cannot instantiate abstract class Illuminate\Database\Eloquent\Model          src/Database/Model.php:17 [] []
[2023-09-09T18:17:12.716406+00:00] error.ERROR: Non-static method Illuminate\Database\Eloquent\Model::getTable() cannot be called statically          src/Database/Model.php:17 [] []
[2023-09-09T18:17:13.698476+00:00] error.ERROR: Non-static method Illuminate\Database\Eloquent\Model::getTable() cannot be called statically          src/Database/Model.php:17 [] []
[2023-09-09T18:20:19.750843+00:00] error.ERROR: Typed static property src\Database\Model::$cache_key must not be accessed before initialization          src/Database/Model.php:19 [] []
[2023-09-09T18:24:36.863505+00:00] error.ERROR: scandir(/Users/bekir/Desktop/projects/framework/src/Database/app/Models/): Failed to open directory: No such file or directory message: "scandir(/Users/bekir/Desktop/projects/framework/src/Database/app/Models/): Failed to open directory: No such file or directory"     file: "/Users/bekir/Desktop/projects/framework/src/Database/Database.php:43 [] []
[2023-09-09T18:24:36.871285+00:00] error.ERROR: scandir(/Users/bekir/Desktop/projects/framework/src/Database/app/Models/): Failed to open directory: No such file or directory          src/Database/Database.php:43 [] []
[2023-09-09T18:24:59.135791+00:00] error.ERROR: Class "app\Models\\Todo" does not exist          src/Database/Database.php:53 [] []
[2023-09-09T18:25:16.793622+00:00] error.ERROR: Class "app\Models\\Todo" does not exist          src/Database/Database.php:53 [] []
[2023-09-09T18:25:17.924643+00:00] error.ERROR: Class "app\Models\\Todo" does not exist          src/Database/Database.php:53 [] []
[2023-09-09T18:26:51.672907+00:00] error.ERROR: Class "app\Models\\Todo" does not exist          src/Database/Database.php:49 [] []
[2023-09-09T18:44:55.069070+00:00] error.ERROR: Undefined property: src\Database\Cache::$path message: "Undefined property: src\Database\Cache::$path"     file: "/Users/bekir/Desktop/projects/framework/src/Database/Cache.php:24 [] []
[2023-09-09T18:44:55.113781+00:00] error.ERROR: Undefined property: src\Database\Cache::$path          src/Database/Cache.php:24 [] []
[2023-09-09T18:50:06.499100+00:00] error.ERROR: Call to undefined method Illuminate\Database\Eloquent\Builder::all()          vendor/illuminate/support/Traits/ForwardsCalls.php:71 [] []
[2023-09-09T18:50:16.911382+00:00] error.ERROR: Attempt to read property "completed" on true message: "Attempt to read property "completed" on true"     file: "/Users/bekir/Desktop/projects/framework/storage/cache/view/a6a628d76c1b7aca3496eeaaaa0f265cf57686b5.php:23 [] []
[2023-09-09T18:50:16.914802+00:00] error.ERROR: Attempt to read property "completed" on true (View: /Users/bekir/Desktop/projects/framework/public/view/home.blade.php)          storage/cache/view/a6a628d76c1b7aca3496eeaaaa0f265cf57686b5.php:23 [] []
[2023-09-09T19:00:18.237590+00:00] error.ERROR: Call to a member function get() on string          app/Controllers/Home.php:24 [] []
[2023-09-09T19:00:29.367390+00:00] error.ERROR: Call to a member function get() on array          app/Controllers/Home.php:24 [] []
[2023-09-09T19:00:30.209905+00:00] error.ERROR: Call to a member function get() on array          app/Controllers/Home.php:24 [] []
[2023-09-09T19:02:03.439104+00:00] error.ERROR: Call to a member function get() on array          app/Controllers/Home.php:24 [] []
[2023-09-09T19:03:26.811188+00:00] error.ERROR: Call to a member function get() on string          app/Controllers/Home.php:24 [] []
[2023-09-09T19:09:11.207052+00:00] error.ERROR: Attempt to read property "completed" on true message: "Attempt to read property "completed" on true"     file: "/Users/bekir/Desktop/projects/framework/storage/cache/view/a6a628d76c1b7aca3496eeaaaa0f265cf57686b5.php:23 [] []
[2023-09-09T19:09:11.212821+00:00] error.ERROR: Attempt to read property "completed" on true (View: /Users/bekir/Desktop/projects/framework/public/view/home.blade.php)          storage/cache/view/a6a628d76c1b7aca3496eeaaaa0f265cf57686b5.php:23 [] []
[2023-09-09T19:09:33.040868+00:00] error.ERROR: Attempt to read property "completed" on true message: "Attempt to read property "completed" on true"     file: "/Users/bekir/Desktop/projects/framework/storage/cache/view/a6a628d76c1b7aca3496eeaaaa0f265cf57686b5.php:23 [] []
[2023-09-09T19:09:33.044666+00:00] error.ERROR: Attempt to read property "completed" on true (View: /Users/bekir/Desktop/projects/framework/public/view/home.blade.php)          storage/cache/view/a6a628d76c1b7aca3496eeaaaa0f265cf57686b5.php:23 [] []
[2023-09-09T19:09:50.927000+00:00] error.ERROR: json_decode(): Argument #1 ($json) must be of type string, array given          src/Database/Model.php:41 [] []
[2023-09-09T19:10:03.463325+00:00] error.ERROR: Attempt to read property "completed" on int message: "Attempt to read property "completed" on int"     file: "/Users/bekir/Desktop/projects/framework/storage/cache/view/a6a628d76c1b7aca3496eeaaaa0f265cf57686b5.php:23 [] []
[2023-09-09T19:10:03.466987+00:00] error.ERROR: Attempt to read property "completed" on int (View: /Users/bekir/Desktop/projects/framework/public/view/home.blade.php)          storage/cache/view/a6a628d76c1b7aca3496eeaaaa0f265cf57686b5.php:23 [] []
[2023-09-09T19:10:04.515219+00:00] error.ERROR: Attempt to read property "completed" on int message: "Attempt to read property "completed" on int"     file: "/Users/bekir/Desktop/projects/framework/storage/cache/view/a6a628d76c1b7aca3496eeaaaa0f265cf57686b5.php:23 [] []
[2023-09-09T19:10:04.518822+00:00] error.ERROR: Attempt to read property "completed" on int (View: /Users/bekir/Desktop/projects/framework/public/view/home.blade.php)          storage/cache/view/a6a628d76c1b7aca3496eeaaaa0f265cf57686b5.php:23 [] []
[2023-09-09T19:10:05.078949+00:00] error.ERROR: Attempt to read property "completed" on int message: "Attempt to read property "completed" on int"     file: "/Users/bekir/Desktop/projects/framework/storage/cache/view/a6a628d76c1b7aca3496eeaaaa0f265cf57686b5.php:23 [] []
[2023-09-09T19:10:05.082280+00:00] error.ERROR: Attempt to read property "completed" on int (View: /Users/bekir/Desktop/projects/framework/public/view/home.blade.php)          storage/cache/view/a6a628d76c1b7aca3496eeaaaa0f265cf57686b5.php:23 [] []
[2023-09-09T19:10:19.648369+00:00] error.ERROR: Attempt to read property "completed" on int message: "Attempt to read property "completed" on int"     file: "/Users/bekir/Desktop/projects/framework/storage/cache/view/a6a628d76c1b7aca3496eeaaaa0f265cf57686b5.php:23 [] []
[2023-09-09T19:10:19.651830+00:00] error.ERROR: Attempt to read property "completed" on int (View: /Users/bekir/Desktop/projects/framework/public/view/home.blade.php)          storage/cache/view/a6a628d76c1b7aca3496eeaaaa0f265cf57686b5.php:23 [] []
[2023-09-09T19:10:46.833030+00:00] error.ERROR: Attempt to read property "completed" on true message: "Attempt to read property "completed" on true"     file: "/Users/bekir/Desktop/projects/framework/storage/cache/view/a6a628d76c1b7aca3496eeaaaa0f265cf57686b5.php:23 [] []
[2023-09-09T19:10:46.836559+00:00] error.ERROR: Attempt to read property "completed" on true (View: /Users/bekir/Desktop/projects/framework/public/view/home.blade.php)          storage/cache/view/a6a628d76c1b7aca3496eeaaaa0f265cf57686b5.php:23 [] []
[2023-09-09T19:13:59.481001+00:00] error.ERROR: Attempt to read property "completed" on true message: "Attempt to read property "completed" on true"     file: "/Users/bekir/Desktop/projects/framework/storage/cache/view/a6a628d76c1b7aca3496eeaaaa0f265cf57686b5.php:23 [] []
[2023-09-09T19:13:59.486067+00:00] error.ERROR: Attempt to read property "completed" on true (View: /Users/bekir/Desktop/projects/framework/public/view/home.blade.php)          storage/cache/view/a6a628d76c1b7aca3496eeaaaa0f265cf57686b5.php:23 [] []
[2023-09-09T19:14:41.134117+00:00] error.ERROR: Attempt to read property "completed" on true message: "Attempt to read property "completed" on true"     file: "/Users/bekir/Desktop/projects/framework/storage/cache/view/a6a628d76c1b7aca3496eeaaaa0f265cf57686b5.php:23 [] []
[2023-09-09T19:14:41.138683+00:00] error.ERROR: Attempt to read property "completed" on true (View: /Users/bekir/Desktop/projects/framework/public/view/home.blade.php)          storage/cache/view/a6a628d76c1b7aca3496eeaaaa0f265cf57686b5.php:23 [] []
[2023-09-09T19:49:42.469766+00:00] error.ERROR: Undefined variable $todos message: "Undefined variable $todos"     file: "/Users/bekir/Desktop/projects/framework/storage/cache/view/a6a628d76c1b7aca3496eeaaaa0f265cf57686b5.php:20 [] []
[2023-09-09T19:49:42.508053+00:00] error.ERROR: Undefined variable $todos (View: /Users/bekir/Desktop/projects/framework/public/view/home.blade.php)          storage/cache/view/a6a628d76c1b7aca3496eeaaaa0f265cf57686b5.php:20 [] []
